Started GET "/" for ::1 at 2020-10-08 16:36:51 -0700
DEPRECATION WARNING: ActiveRecord::Base.raise_in_transactional_callbacks= is deprecated, has no effect and will be removed without replacement. (called from block (3 levels) in <class:Railtie> at /Users/carlosgarciajr/.rbenv/versions/2.5.1/lib/ruby/gems/2.5.0/gems/activerecord-5.0.7.2/lib/active_record/railtie.rb:113)
Processing by StaticPagesController#index as HTML
  Rendering static_pages/index.html.erb within layouts/application
  Rendered shared/_main_nav.html.erb (0.3ms)
  Rendered shared/_masthead.html.erb (0.2ms)
  Rendered shared/_sections_nav.html.erb (0.2ms)
  Rendered shared/_search_modal.html.erb (0.2ms)
  Rendered shared/_main_content.html.erb (0.2ms)
  Rendered static_pages/index.html.erb within layouts/application (15.2ms)
Completed 200 OK in 362ms (Views: 358.9ms | ActiveRecord: 0.0ms)


Started GET "/assets/application.self-5e5b219656abf8c4e83f7dfd5e5f4f415d8fe2348d16620303a4ed96d1b5a144.css?body=1" for ::1 at 2020-10-08 16:36:52 -0700
Started GET "/" for ::1 at 2020-10-08 16:36:53 -0700
Processing by StaticPagesController#index as HTML
  Rendering static_pages/index.html.erb within layouts/application
  Rendered shared/_main_nav.html.erb (0.2ms)
  Rendered shared/_masthead.html.erb (0.2ms)
  Rendered shared/_sections_nav.html.erb (0.2ms)
  Rendered shared/_search_modal.html.erb (0.2ms)
  Rendered shared/_main_content.html.erb (0.1ms)
  Rendered static_pages/index.html.erb within layouts/application (13.2ms)
Completed 200 OK in 29ms (Views: 26.9ms | ActiveRecord: 0.0ms)


Started GET "/" for ::1 at 2020-10-08 16:37:17 -0700
Processing by StaticPagesController#index as HTML
  Rendering static_pages/index.html.erb within layouts/application
  Rendered shared/_main_nav.html.erb (0.2ms)
  Rendered shared/_masthead.html.erb (0.2ms)
  Rendered shared/_sections_nav.html.erb (0.2ms)
  Rendered shared/_search_modal.html.erb (0.2ms)
  Rendered shared/_main_content.html.erb (0.2ms)
  Rendered static_pages/index.html.erb within layouts/application (14.6ms)
Completed 200 OK in 35ms (Views: 31.8ms | ActiveRecord: 0.0ms)


Started GET "/" for ::1 at 2020-10-08 16:37:20 -0700
Processing by StaticPagesController#index as HTML
  Rendering static_pages/index.html.erb within layouts/application
  Rendered shared/_main_nav.html.erb (0.2ms)
  Rendered shared/_masthead.html.erb (0.2ms)
  Rendered shared/_sections_nav.html.erb (0.2ms)
  Rendered shared/_search_modal.html.erb (0.2ms)
  Rendered shared/_main_content.html.erb (0.2ms)
  Rendered static_pages/index.html.erb within layouts/application (12.8ms)
Completed 200 OK in 30ms (Views: 27.7ms | ActiveRecord: 0.0ms)


Started GET "/" for ::1 at 2020-10-09 09:59:50 -0700
DEPRECATION WARNING: ActiveRecord::Base.raise_in_transactional_callbacks= is deprecated, has no effect and will be removed without replacement. (called from block (3 levels) in <class:Railtie> at /Users/carlosgarciajr/.rbenv/versions/2.5.1/lib/ruby/gems/2.5.0/gems/activerecord-5.0.7.2/lib/active_record/railtie.rb:113)
Processing by StaticPagesController#index as HTML
  Rendering static_pages/index.html.erb within layouts/application
  Rendered shared/_main_nav.html.erb (0.3ms)
  Rendered shared/_masthead.html.erb (0.2ms)
  Rendered shared/_sections_nav.html.erb (0.2ms)
  Rendered shared/_search_modal.html.erb (0.2ms)
  Rendered shared/_main_content.html.erb (0.2ms)
  Rendered static_pages/index.html.erb within layouts/application (15.4ms)
Completed 200 OK in 353ms (Views: 350.1ms | ActiveRecord: 0.0ms)


Started GET "/assets/application.self-7aae4f884d21c0f895d0e25909b4a3857ca3f7bdd4412baf28bf32a8b1f558b1.css?body=1" for ::1 at 2020-10-09 09:59:51 -0700
Started GET "/" for ::1 at 2020-10-09 10:00:16 -0700
Processing by StaticPagesController#index as HTML
  Rendering static_pages/index.html.erb within layouts/application
  Rendered shared/_main_nav.html.erb (0.2ms)
  Rendered shared/_masthead.html.erb (0.2ms)
  Rendered shared/_sections_nav.html.erb (0.1ms)
  Rendered shared/_search_modal.html.erb (0.2ms)
  Rendered shared/_main_content.html.erb (0.4ms)
  Rendered static_pages/index.html.erb within layouts/application (12.9ms)
Completed 200 OK in 34ms (Views: 30.5ms | ActiveRecord: 0.0ms)


Started GET "/assets/new_office.jpg" for ::1 at 2020-10-09 10:00:16 -0700
Started GET "/" for ::1 at 2020-10-09 10:03:51 -0700
Processing by StaticPagesController#index as HTML
  Rendering static_pages/index.html.erb within layouts/application
  Rendered shared/_main_nav.html.erb (0.2ms)
  Rendered shared/_masthead.html.erb (0.2ms)
  Rendered shared/_sections_nav.html.erb (0.3ms)
  Rendered shared/_search_modal.html.erb (0.2ms)
  Rendered shared/_main_content.html.erb (0.3ms)
  Rendered static_pages/index.html.erb within layouts/application (13.1ms)
Completed 200 OK in 109ms (Views: 104.9ms | ActiveRecord: 0.0ms)


Started GET "/assets/application.self-e229079662ba64eec2df88cc9898f07a6b5005419aa37c928d3d684a6d58d3e4.css?body=1" for ::1 at 2020-10-09 10:03:51 -0700
Started GET "/assets/new_office.jpg" for ::1 at 2020-10-09 10:03:51 -0700
Started GET "/" for ::1 at 2020-10-12 13:48:14 -0700
DEPRECATION WARNING: ActiveRecord::Base.raise_in_transactional_callbacks= is deprecated, has no effect and will be removed without replacement. (called from block (3 levels) in <class:Railtie> at /Users/carlosgarciajr/.rbenv/versions/2.5.1/lib/ruby/gems/2.5.0/gems/activerecord-5.0.7.2/lib/active_record/railtie.rb:113)
Processing by StaticPagesController#index as HTML
  Rendering static_pages/index.html.erb within layouts/application
  Rendered shared/_main_nav.html.erb (0.2ms)
  Rendered shared/_masthead.html.erb (0.1ms)
  Rendered shared/_sections_nav.html.erb (0.1ms)
  Rendered shared/_search_modal.html.erb (0.2ms)
  Rendered shared/_main_content.html.erb (0.3ms)
  Rendered static_pages/index.html.erb within layouts/application (14.5ms)
Completed 500 Internal Server Error in 194ms (ActiveRecord: 0.0ms)



Sass::SyntaxError - File to import not found or unreadable: base/grid.scss.
Load paths:
  /Users/carlosgarciajr/Documents/programming/app_academy_work/curriculum/html-css/projects/aa_times/skeleton/app/assets/images
  /Users/carlosgarciajr/Documents/programming/app_academy_work/curriculum/html-css/projects/aa_times/skeleton/app/assets/javascripts
  /Users/carlosgarciajr/Documents/programming/app_academy_work/curriculum/html-css/projects/aa_times/skeleton/app/assets/stylesheets
  /Users/carlosgarciajr/Documents/programming/app_academy_work/curriculum/html-css/projects/aa_times/skeleton/vendor/assets/javascripts
  /Users/carlosgarciajr/Documents/programming/app_academy_work/curriculum/html-css/projects/aa_times/skeleton/vendor/assets/stylesheets
  /Users/carlosgarciajr/.rbenv/versions/2.5.1/lib/ruby/gems/2.5.0/gems/jquery-rails-4.4.0/vendor/assets/javascripts
  /Users/carlosgarciajr/.rbenv/versions/2.5.1/lib/ruby/gems/2.5.0/gems/coffee-rails-4.2.2/lib/assets/javascripts
  /Users/carlosgarciajr/.rbenv/versions/2.5.1/lib/ruby/gems/2.5.0/gems/actioncable-5.0.7.2/lib/assets/compiled:
  app/views/layouts/application.html.erb:7:in `_app_views_layouts_application_html_erb___270333905406359367_70279989431840'

Started POST "/__better_errors/927a171e4587d656/variables" for ::1 at 2020-10-12 13:48:14 -0700
Started GET "/" for ::1 at 2020-10-12 13:48:41 -0700
Processing by StaticPagesController#index as HTML
  Rendering static_pages/index.html.erb within layouts/application
  Rendered shared/_main_nav.html.erb (0.2ms)
  Rendered shared/_masthead.html.erb (0.1ms)
  Rendered shared/_sections_nav.html.erb (0.3ms)
  Rendered shared/_search_modal.html.erb (0.3ms)
  Rendered shared/_main_content.html.erb (0.2ms)
  Rendered static_pages/index.html.erb within layouts/application (12.8ms)
Completed 200 OK in 110ms (Views: 107.4ms | ActiveRecord: 0.0ms)


Started GET "/assets/application.self-1237ad35a9ee79bd64030d4638d1fd80f6734c490eb538e0dd01d7af3c16bf40.css?body=1" for ::1 at 2020-10-12 13:48:41 -0700
Started GET "/" for ::1 at 2020-10-12 13:48:43 -0700
Processing by StaticPagesController#index as HTML
  Rendering static_pages/index.html.erb within layouts/application
  Rendered shared/_main_nav.html.erb (0.2ms)
  Rendered shared/_masthead.html.erb (0.2ms)
  Rendered shared/_sections_nav.html.erb (0.2ms)
  Rendered shared/_search_modal.html.erb (0.2ms)
  Rendered shared/_main_content.html.erb (0.2ms)
  Rendered static_pages/index.html.erb within layouts/application (13.1ms)
Completed 200 OK in 33ms (Views: 29.9ms | ActiveRecord: 0.0ms)


Started GET "/" for ::1 at 2020-10-12 13:55:52 -0700
DEPRECATION WARNING: ActiveRecord::Base.raise_in_transactional_callbacks= is deprecated, has no effect and will be removed without replacement. (called from block (3 levels) in <class:Railtie> at /Users/carlosgarciajr/.rbenv/versions/2.5.1/lib/ruby/gems/2.5.0/gems/activerecord-5.0.7.2/lib/active_record/railtie.rb:113)
Processing by StaticPagesController#index as HTML
  Rendering static_pages/index.html.erb within layouts/application
  Rendered shared/_main_nav.html.erb (0.2ms)
  Rendered shared/_masthead.html.erb (0.1ms)
  Rendered shared/_sections_nav.html.erb (0.3ms)
  Rendered shared/_search_modal.html.erb (0.2ms)
  Rendered shared/_main_content.html.erb (0.3ms)
  Rendered static_pages/index.html.erb within layouts/application (14.6ms)
Completed 200 OK in 257ms (Views: 254.8ms | ActiveRecord: 0.0ms)


Started GET "/assets/application.self-758afe40c177e32f890a8b8e23f11571b5d1785af915c0789bd6a19191afc6ab.css?body=1" for ::1 at 2020-10-12 13:55:52 -0700
Started GET "/assets/new_office.jpg" for ::1 at 2020-10-12 13:55:52 -0700
Started GET "/" for ::1 at 2020-10-12 13:56:32 -0700
Processing by StaticPagesController#index as HTML
  Rendering static_pages/index.html.erb within layouts/application
  Rendered shared/_main_nav.html.erb (0.1ms)
  Rendered shared/_masthead.html.erb (0.2ms)
  Rendered shared/_sections_nav.html.erb (0.1ms)
  Rendered shared/_search_modal.html.erb (0.3ms)
  Rendered shared/_main_content.html.erb (0.3ms)
  Rendered static_pages/index.html.erb within layouts/application (12.3ms)
Completed 200 OK in 75ms (Views: 72.8ms | ActiveRecord: 0.0ms)


Started GET "/assets/application.self-e229079662ba64eec2df88cc9898f07a6b5005419aa37c928d3d684a6d58d3e4.css?body=1" for ::1 at 2020-10-12 13:56:32 -0700
Started GET "/assets/new_office.jpg" for ::1 at 2020-10-12 13:56:32 -0700
Started GET "/" for ::1 at 2020-10-12 13:56:33 -0700
Processing by StaticPagesController#index as HTML
  Rendering static_pages/index.html.erb within layouts/application
  Rendered shared/_main_nav.html.erb (0.2ms)
  Rendered shared/_masthead.html.erb (0.2ms)
  Rendered shared/_sections_nav.html.erb (0.2ms)
  Rendered shared/_search_modal.html.erb (0.2ms)
  Rendered shared/_main_content.html.erb (0.2ms)
  Rendered static_pages/index.html.erb within layouts/application (12.9ms)
Completed 200 OK in 34ms (Views: 31.3ms | ActiveRecord: 0.0ms)


Started GET "/assets/new_office.jpg" for ::1 at 2020-10-12 13:56:33 -0700
Started GET "/" for ::1 at 2020-10-12 13:57:15 -0700
Processing by StaticPagesController#index as HTML
  Rendering static_pages/index.html.erb within layouts/application
  Rendered shared/_main_nav.html.erb (0.2ms)
  Rendered shared/_masthead.html.erb (0.2ms)
  Rendered shared/_sections_nav.html.erb (0.2ms)
  Rendered shared/_search_modal.html.erb (0.2ms)
  Rendered shared/_main_content.html.erb (0.3ms)
  Rendered static_pages/index.html.erb within layouts/application (12.6ms)
Completed 200 OK in 92ms (Views: 88.2ms | ActiveRecord: 0.0ms)


Started GET "/assets/application.self-7aae4f884d21c0f895d0e25909b4a3857ca3f7bdd4412baf28bf32a8b1f558b1.css?body=1" for ::1 at 2020-10-12 13:57:15 -0700
Started GET "/assets/new_office.jpg" for ::1 at 2020-10-12 13:57:15 -0700
Started GET "/" for ::1 at 2021-08-02 19:42:10 +0200
DEPRECATION WARNING: ActiveRecord::Base.raise_in_transactional_callbacks= is deprecated, has no effect and will be removed without replacement. (called from block (3 levels) in <class:Railtie> at /home/josep/.rbenv/versions/2.5.1/lib/ruby/gems/2.5.0/gems/activerecord-5.0.7.2/lib/active_record/railtie.rb:113)
Processing by StaticPagesController#index as HTML
  Rendering static_pages/index.html.erb within layouts/application
  Rendered shared/_main_nav.html.erb (0.2ms)
  Rendered shared/_masthead.html.erb (0.2ms)
  Rendered shared/_sections_nav.html.erb (0.1ms)
  Rendered shared/_search_modal.html.erb (0.3ms)
  Rendered shared/_main_content.html.erb (0.2ms)
  Rendered static_pages/index.html.erb within layouts/application (5.1ms)
Completed 200 OK in 274ms (Views: 266.2ms | ActiveRecord: 0.0ms)


Started GET "/assets/application.self-fda0b74d8d0d02d7546acaf3648799451f534676f2dfe29627b51f65a1b2a2ad.css?body=1" for ::1 at 2021-08-02 19:42:10 +0200
Started GET "/assets/jquery_ujs.self-784a997f6726036b1993eb2217c9cb558e1cbb801c6da88105588c56f13b466a.js?body=1" for ::1 at 2021-08-02 19:42:10 +0200
Started GET "/assets/jquery.self-bd7ddd393353a8d2480a622e80342adf488fb6006d667e8b42e4c0073393abee.js?body=1" for ::1 at 2021-08-02 19:42:10 +0200
Started GET "/assets/components/sidebar.self-2a1277f850a6fa21e1a974ef5152f177ac05516477d5081d593bb137b3d6808b.js?body=1" for ::1 at 2021-08-02 19:42:10 +0200
Started GET "/assets/application.self-f571b9db02bf4ed04c38a6a29072ac382f7d4f47db1fab9817aeadb0d8665235.js?body=1" for ::1 at 2021-08-02 19:42:10 +0200
Started GET "/assets/components/modal.self-52188644dbb47def5ee35ae02e69eb567ca9b664472357a8a5789dd39032a265.js?body=1" for ::1 at 2021-08-02 19:42:10 +0200
Started GET "/assets/application.self-fda0b74d8d0d02d7546acaf3648799451f534676f2dfe29627b51f65a1b2a2ad.css?body=1&livereload=1627927647048" for ::1 at 2021-08-02 20:07:26 +0200
Started GET "/assets/application.self-fda0b74d8d0d02d7546acaf3648799451f534676f2dfe29627b51f65a1b2a2ad.css?body=1&livereload=1627927647049" for ::1 at 2021-08-02 20:07:26 +0200
Started GET "/assets/application.self-fda0b74d8d0d02d7546acaf3648799451f534676f2dfe29627b51f65a1b2a2ad.css?body=1&livereload=1627927697023" for ::1 at 2021-08-02 20:08:16 +0200
Started GET "/assets/application.self-fda0b74d8d0d02d7546acaf3648799451f534676f2dfe29627b51f65a1b2a2ad.css?body=1&livereload=1627927697025" for ::1 at 2021-08-02 20:08:16 +0200
Started GET "/assets/application.self-fda0b74d8d0d02d7546acaf3648799451f534676f2dfe29627b51f65a1b2a2ad.css?body=1&livereload=1627927697473" for ::1 at 2021-08-02 20:08:16 +0200
Started GET "/assets/application.self-fda0b74d8d0d02d7546acaf3648799451f534676f2dfe29627b51f65a1b2a2ad.css?body=1&livereload=1627927697474" for ::1 at 2021-08-02 20:08:16 +0200
Started GET "/assets/application.self-fda0b74d8d0d02d7546acaf3648799451f534676f2dfe29627b51f65a1b2a2ad.css?body=1&livereload=1627927738334" for ::1 at 2021-08-02 20:08:57 +0200
Started GET "/assets/application.self-fda0b74d8d0d02d7546acaf3648799451f534676f2dfe29627b51f65a1b2a2ad.css?body=1&livereload=1627927738339" for ::1 at 2021-08-02 20:08:57 +0200
Started GET "/assets/application.self-fda0b74d8d0d02d7546acaf3648799451f534676f2dfe29627b51f65a1b2a2ad.css?body=1&livereload=1627927739417" for ::1 at 2021-08-02 20:08:58 +0200
Started GET "/assets/application.self-fda0b74d8d0d02d7546acaf3648799451f534676f2dfe29627b51f65a1b2a2ad.css?body=1&livereload=1627927739418" for ::1 at 2021-08-02 20:08:58 +0200
Started GET "/assets/application.self-fda0b74d8d0d02d7546acaf3648799451f534676f2dfe29627b51f65a1b2a2ad.css?body=1&livereload=1627927739958" for ::1 at 2021-08-02 20:08:59 +0200
Started GET "/assets/application.self-fda0b74d8d0d02d7546acaf3648799451f534676f2dfe29627b51f65a1b2a2ad.css?body=1&livereload=1627927739960" for ::1 at 2021-08-02 20:08:59 +0200
Started GET "/assets/application.self-fda0b74d8d0d02d7546acaf3648799451f534676f2dfe29627b51f65a1b2a2ad.css?body=1&livereload=1627927750696" for ::1 at 2021-08-02 20:09:09 +0200
Started GET "/assets/application.self-fda0b74d8d0d02d7546acaf3648799451f534676f2dfe29627b51f65a1b2a2ad.css?body=1&livereload=1627927750699" for ::1 at 2021-08-02 20:09:09 +0200
Started GET "/assets/application.self-fda0b74d8d0d02d7546acaf3648799451f534676f2dfe29627b51f65a1b2a2ad.css?body=1&livereload=1627927754754" for ::1 at 2021-08-02 20:09:13 +0200
Started GET "/assets/application.self-fda0b74d8d0d02d7546acaf3648799451f534676f2dfe29627b51f65a1b2a2ad.css?body=1&livereload=1627927754755" for ::1 at 2021-08-02 20:09:13 +0200
Started GET "/assets/application.self-fda0b74d8d0d02d7546acaf3648799451f534676f2dfe29627b51f65a1b2a2ad.css?body=1&livereload=1627927761159" for ::1 at 2021-08-02 20:09:20 +0200
Started GET "/assets/application.self-fda0b74d8d0d02d7546acaf3648799451f534676f2dfe29627b51f65a1b2a2ad.css?body=1&livereload=1627927761160" for ::1 at 2021-08-02 20:09:20 +0200
Started GET "/assets/application.self-fda0b74d8d0d02d7546acaf3648799451f534676f2dfe29627b51f65a1b2a2ad.css?body=1&livereload=1627927767293" for ::1 at 2021-08-02 20:09:26 +0200
Started GET "/assets/application.self-fda0b74d8d0d02d7546acaf3648799451f534676f2dfe29627b51f65a1b2a2ad.css?body=1&livereload=1627927767294" for ::1 at 2021-08-02 20:09:26 +0200
Started GET "/assets/application.self-fda0b74d8d0d02d7546acaf3648799451f534676f2dfe29627b51f65a1b2a2ad.css?body=1&livereload=1627927767743" for ::1 at 2021-08-02 20:09:26 +0200
Started GET "/assets/application.self-fda0b74d8d0d02d7546acaf3648799451f534676f2dfe29627b51f65a1b2a2ad.css?body=1&livereload=1627927767744" for ::1 at 2021-08-02 20:09:26 +0200
Started GET "/assets/application.self-fda0b74d8d0d02d7546acaf3648799451f534676f2dfe29627b51f65a1b2a2ad.css?body=1&livereload=1627927780014" for ::1 at 2021-08-02 20:09:39 +0200
Started GET "/assets/application.self-fda0b74d8d0d02d7546acaf3648799451f534676f2dfe29627b51f65a1b2a2ad.css?body=1&livereload=1627927780015" for ::1 at 2021-08-02 20:09:39 +0200
Started GET "/assets/application.self-fda0b74d8d0d02d7546acaf3648799451f534676f2dfe29627b51f65a1b2a2ad.css?body=1&livereload=1627927796799" for ::1 at 2021-08-02 20:09:56 +0200
Started GET "/assets/application.self-fda0b74d8d0d02d7546acaf3648799451f534676f2dfe29627b51f65a1b2a2ad.css?body=1&livereload=1627927796804" for ::1 at 2021-08-02 20:09:56 +0200
Started GET "/assets/application.self-fda0b74d8d0d02d7546acaf3648799451f534676f2dfe29627b51f65a1b2a2ad.css?body=1&livereload=1627927800040" for ::1 at 2021-08-02 20:09:59 +0200
Started GET "/assets/application.self-fda0b74d8d0d02d7546acaf3648799451f534676f2dfe29627b51f65a1b2a2ad.css?body=1&livereload=1627927800041" for ::1 at 2021-08-02 20:09:59 +0200
Started GET "/assets/application.self-fda0b74d8d0d02d7546acaf3648799451f534676f2dfe29627b51f65a1b2a2ad.css?body=1&livereload=1627927800581" for ::1 at 2021-08-02 20:09:59 +0200
Started GET "/assets/application.self-fda0b74d8d0d02d7546acaf3648799451f534676f2dfe29627b51f65a1b2a2ad.css?body=1&livereload=1627927800581&livereload=1627927800581" for ::1 at 2021-08-02 20:09:59 +0200
Started GET "/assets/application.self-fda0b74d8d0d02d7546acaf3648799451f534676f2dfe29627b51f65a1b2a2ad.css?body=1&livereload=1627934810013&livereload=1627927800581" for ::1 at 2021-08-02 22:06:49 +0200
Started GET "/assets/application.self-fda0b74d8d0d02d7546acaf3648799451f534676f2dfe29627b51f65a1b2a2ad.css?body=1&livereload=1627934810011&livereload=1627927800581" for ::1 at 2021-08-02 22:06:49 +0200
Started GET "/assets/application.self-fda0b74d8d0d02d7546acaf3648799451f534676f2dfe29627b51f65a1b2a2ad.css?body=1&livereload=1627934815241&livereload=1627927800581" for ::1 at 2021-08-02 22:06:54 +0200
Started GET "/assets/application.self-fda0b74d8d0d02d7546acaf3648799451f534676f2dfe29627b51f65a1b2a2ad.css?body=1&livereload=1627934815242&livereload=1627927800581" for ::1 at 2021-08-02 22:06:54 +0200
Started GET "/assets/application.self-fda0b74d8d0d02d7546acaf3648799451f534676f2dfe29627b51f65a1b2a2ad.css?body=1&livereload=1627934818941&livereload=1627927800581" for ::1 at 2021-08-02 22:06:58 +0200
Started GET "/assets/application.self-fda0b74d8d0d02d7546acaf3648799451f534676f2dfe29627b51f65a1b2a2ad.css?body=1&livereload=1627934818943&livereload=1627927800581" for ::1 at 2021-08-02 22:06:58 +0200
Started GET "/assets/application.self-fda0b74d8d0d02d7546acaf3648799451f534676f2dfe29627b51f65a1b2a2ad.css?body=1&livereload=1627934819482&livereload=1627927800581" for ::1 at 2021-08-02 22:06:58 +0200
Started GET "/assets/application.self-fda0b74d8d0d02d7546acaf3648799451f534676f2dfe29627b51f65a1b2a2ad.css?body=1&livereload=1627934819483&livereload=1627927800581" for ::1 at 2021-08-02 22:06:58 +0200
Started GET "/assets/application.self-fda0b74d8d0d02d7546acaf3648799451f534676f2dfe29627b51f65a1b2a2ad.css?body=1&livereload=1627934876501&livereload=1627927800581" for ::1 at 2021-08-02 22:07:55 +0200
Started GET "/assets/application.self-fda0b74d8d0d02d7546acaf3648799451f534676f2dfe29627b51f65a1b2a2ad.css?body=1&livereload=1627934876503&livereload=1627927800581" for ::1 at 2021-08-02 22:07:55 +0200
Started GET "/" for ::1 at 2021-08-02 22:08:00 +0200
Processing by StaticPagesController#index as HTML
  Rendering static_pages/index.html.erb within layouts/application
  Rendered shared/_main_nav.html.erb (0.2ms)
  Rendered shared/_masthead.html.erb (0.3ms)
  Rendered shared/_sections_nav.html.erb (0.1ms)
  Rendered shared/_search_modal.html.erb (0.1ms)
  Rendered shared/_main_content.html.erb (0.1ms)
  Rendered static_pages/index.html.erb within layouts/application (3.2ms)
Completed 500 Internal Server Error in 15ms (ActiveRecord: 0.0ms)



Sass::SyntaxError - Invalid CSS after "	font-family": expected ";", was ":":
  app/views/layouts/application.html.erb:7:in `_app_views_layouts_application_html_erb__2829263233000309653_70063638696940'

Started POST "/__better_errors/d6b2d6337d427e78/variables" for ::1 at 2021-08-02 22:08:00 +0200
Started GET "/" for ::1 at 2021-08-02 22:08:09 +0200
Processing by StaticPagesController#index as HTML
  Rendering static_pages/index.html.erb within layouts/application
  Rendered shared/_main_nav.html.erb (0.1ms)
  Rendered shared/_masthead.html.erb (0.2ms)
  Rendered shared/_sections_nav.html.erb (0.1ms)
  Rendered shared/_search_modal.html.erb (0.2ms)
  Rendered shared/_main_content.html.erb (0.2ms)
  Rendered static_pages/index.html.erb within layouts/application (3.2ms)
Completed 200 OK in 38ms (Views: 37.0ms | ActiveRecord: 0.0ms)


Started GET "/assets/application.self-c63e4f1e4cab671092f000e29f8c25f3240b6be84f3a8955ad41a26a312351b3.css?body=1" for ::1 at 2021-08-02 22:08:09 +0200
Started GET "/assets/application.self-c63e4f1e4cab671092f000e29f8c25f3240b6be84f3a8955ad41a26a312351b3.css?body=1&livereload=1627934930679" for ::1 at 2021-08-02 22:08:49 +0200
Started GET "/assets/application.self-c63e4f1e4cab671092f000e29f8c25f3240b6be84f3a8955ad41a26a312351b3.css?body=1&livereload=1627934930682" for ::1 at 2021-08-02 22:08:49 +0200
Started GET "/assets/application.self-c63e4f1e4cab671092f000e29f8c25f3240b6be84f3a8955ad41a26a312351b3.css?body=1&livereload=1627934943848" for ::1 at 2021-08-02 22:09:03 +0200
Started GET "/assets/application.self-c63e4f1e4cab671092f000e29f8c25f3240b6be84f3a8955ad41a26a312351b3.css?body=1&livereload=1627934943848&livereload=1627934943848" for ::1 at 2021-08-02 22:09:03 +0200
Started GET "/assets/application.self-c63e4f1e4cab671092f000e29f8c25f3240b6be84f3a8955ad41a26a312351b3.css?body=1&livereload=1627934950617&livereload=1627934943848" for ::1 at 2021-08-02 22:09:09 +0200
Started GET "/assets/application.self-c63e4f1e4cab671092f000e29f8c25f3240b6be84f3a8955ad41a26a312351b3.css?body=1&livereload=1627934950621&livereload=1627934943848" for ::1 at 2021-08-02 22:09:09 +0200
Started GET "/assets/application.self-c63e4f1e4cab671092f000e29f8c25f3240b6be84f3a8955ad41a26a312351b3.css?body=1&livereload=1627934954313&livereload=1627934943848" for ::1 at 2021-08-02 22:09:13 +0200
Started GET "/assets/application.self-c63e4f1e4cab671092f000e29f8c25f3240b6be84f3a8955ad41a26a312351b3.css?body=1&livereload=1627934954314&livereload=1627934943848" for ::1 at 2021-08-02 22:09:13 +0200
Started GET "/assets/application.self-c63e4f1e4cab671092f000e29f8c25f3240b6be84f3a8955ad41a26a312351b3.css?body=1&livereload=1627934961170&livereload=1627934943848" for ::1 at 2021-08-02 22:09:20 +0200
Started GET "/assets/application.self-c63e4f1e4cab671092f000e29f8c25f3240b6be84f3a8955ad41a26a312351b3.css?body=1&livereload=1627934961171&livereload=1627934943848" for ::1 at 2021-08-02 22:09:20 +0200
Started GET "/assets/application.self-c63e4f1e4cab671092f000e29f8c25f3240b6be84f3a8955ad41a26a312351b3.css?body=1&livereload=1627934969472&livereload=1627934943848" for ::1 at 2021-08-02 22:09:28 +0200
Started GET "/assets/application.self-c63e4f1e4cab671092f000e29f8c25f3240b6be84f3a8955ad41a26a312351b3.css?body=1&livereload=1627934969477&livereload=1627934943848" for ::1 at 2021-08-02 22:09:28 +0200
Started GET "/assets/application.self-c63e4f1e4cab671092f000e29f8c25f3240b6be84f3a8955ad41a26a312351b3.css?body=1&livereload=1627934996085&livereload=1627934943848" for ::1 at 2021-08-02 22:09:55 +0200
Started GET "/assets/application.self-c63e4f1e4cab671092f000e29f8c25f3240b6be84f3a8955ad41a26a312351b3.css?body=1&livereload=1627934996087&livereload=1627934943848" for ::1 at 2021-08-02 22:09:55 +0200
Started GET "/assets/application.self-c63e4f1e4cab671092f000e29f8c25f3240b6be84f3a8955ad41a26a312351b3.css?body=1&livereload=1627935002938&livereload=1627934943848" for ::1 at 2021-08-02 22:10:02 +0200
Started GET "/assets/application.self-c63e4f1e4cab671092f000e29f8c25f3240b6be84f3a8955ad41a26a312351b3.css?body=1&livereload=1627935002940&livereload=1627934943848" for ::1 at 2021-08-02 22:10:02 +0200
Started GET "/" for ::1 at 2021-08-02 22:10:05 +0200
Processing by StaticPagesController#index as HTML
  Rendering static_pages/index.html.erb within layouts/application
  Rendered shared/_main_nav.html.erb (0.1ms)
  Rendered shared/_masthead.html.erb (0.1ms)
  Rendered shared/_sections_nav.html.erb (0.1ms)
  Rendered shared/_search_modal.html.erb (0.2ms)
  Rendered shared/_main_content.html.erb (0.2ms)
  Rendered static_pages/index.html.erb within layouts/application (3.3ms)
Completed 200 OK in 16ms (Views: 15.6ms | ActiveRecord: 0.0ms)


Started GET "/assets/application.self-901fa1550e3e5a1409fe20039dc9c805fd002f39b638c6929ee57181a5099bfe.css?body=1" for ::1 at 2021-08-02 22:10:05 +0200
Started GET "/" for ::1 at 2021-08-02 22:12:13 +0200
Processing by StaticPagesController#index as HTML
  Rendering static_pages/index.html.erb within layouts/application
  Rendered shared/_main_nav.html.erb (0.2ms)
  Rendered shared/_masthead.html.erb (0.2ms)
  Rendered shared/_sections_nav.html.erb (0.2ms)
  Rendered shared/_search_modal.html.erb (0.2ms)
  Rendered shared/_main_content.html.erb (0.2ms)
  Rendered static_pages/index.html.erb within layouts/application (4.3ms)
Completed 200 OK in 15ms (Views: 13.8ms | ActiveRecord: 0.0ms)


Started GET "/" for ::1 at 2021-08-02 22:12:20 +0200
Processing by StaticPagesController#index as HTML
  Rendering static_pages/index.html.erb within layouts/application
  Rendered shared/_main_nav.html.erb (0.2ms)
  Rendered shared/_masthead.html.erb (0.2ms)
  Rendered shared/_sections_nav.html.erb (0.1ms)
  Rendered shared/_search_modal.html.erb (0.1ms)
  Rendered shared/_search_modal.html.erb (0.0ms)
  Rendered shared/_main_content.html.erb (0.5ms)
  Rendered static_pages/index.html.erb within layouts/application (3.6ms)
Completed 200 OK in 12ms (Views: 11.7ms | ActiveRecord: 0.0ms)


Started GET "/" for ::1 at 2021-08-02 22:12:27 +0200
Processing by StaticPagesController#index as HTML
  Rendering static_pages/index.html.erb within layouts/application
  Rendered shared/_main_nav.html.erb (0.2ms)
  Rendered shared/_masthead.html.erb (0.3ms)
  Rendered shared/_search_modal.html.erb (0.2ms)
  Rendered shared/_sections_nav.html.erb (0.9ms)
  Rendered shared/_search_modal.html.erb (0.0ms)
  Rendered shared/_search_modal.html.erb (0.0ms)
  Rendered shared/_main_content.html.erb (0.7ms)
  Rendered static_pages/index.html.erb within layouts/application (5.2ms)
Completed 200 OK in 14ms (Views: 13.2ms | ActiveRecord: 0.0ms)


Started GET "/" for ::1 at 2021-08-02 22:12:36 +0200
Processing by StaticPagesController#index as HTML
  Rendering static_pages/index.html.erb within layouts/application
  Rendered shared/_main_nav.html.erb (0.3ms)
  Rendered shared/_masthead.html.erb (0.2ms)
  Rendered shared/_search_modal.html.erb (0.2ms)
  Rendered shared/_sections_nav.html.erb (1.1ms)
  Rendered shared/_search_modal.html.erb (0.0ms)
  Rendered shared/_search_modal.html.erb (0.0ms)
  Rendered shared/_main_content.html.erb (0.7ms)
  Rendered static_pages/index.html.erb within layouts/application (6.0ms)
Completed 200 OK in 18ms (Views: 16.6ms | ActiveRecord: 0.0ms)


Started GET "/" for ::1 at 2021-08-02 22:12:45 +0200
Processing by StaticPagesController#index as HTML
  Rendering static_pages/index.html.erb within layouts/application
  Rendered shared/_sections_sidebar.html.erb (0.3ms)
  Rendered shared/_gear_dropdown.html.erb (0.3ms)
  Rendered shared/_main_nav.html.erb (2.1ms)
  Rendered shared/_masthead.html.erb (0.2ms)
  Rendered shared/_search_modal.html.erb (0.2ms)
  Rendered shared/_sections_nav.html.erb (0.8ms)
  Rendered shared/_search_modal.html.erb (0.1ms)
  Rendered shared/_search_modal.html.erb (0.0ms)
  Rendered shared/_main_content.html.erb (0.7ms)
  Rendered static_pages/index.html.erb within layouts/application (6.6ms)
Completed 200 OK in 19ms (Views: 18.0ms | ActiveRecord: 0.0ms)


Started GET "/" for ::1 at 2021-08-02 22:12:52 +0200
Processing by StaticPagesController#index as HTML
  Rendering static_pages/index.html.erb within layouts/application
  Rendered shared/_sections_sidebar.html.erb (0.2ms)
  Rendered shared/_gear_dropdown.html.erb (0.2ms)
  Rendered shared/_main_nav.html.erb (1.9ms)
  Rendered shared/_masthead.html.erb (0.3ms)
  Rendered shared/_search_modal.html.erb (0.2ms)
  Rendered shared/_sections_nav.html.erb (1.0ms)
  Rendered shared/_search_modal.html.erb (0.1ms)
  Rendered shared/_search_modal.html.erb (0.0ms)
  Rendered shared/_main_content.html.erb (0.7ms)
  Rendered static_pages/index.html.erb within layouts/application (6.9ms)
Completed 200 OK in 16ms (Views: 15.4ms | ActiveRecord: 0.0ms)


Started GET "/assets/AA_Times_Logo.png" for ::1 at 2021-08-02 22:12:52 +0200
Started GET "/" for ::1 at 2021-08-02 22:12:57 +0200
Processing by StaticPagesController#index as HTML
  Rendering static_pages/index.html.erb within layouts/application
  Rendered shared/_sections_sidebar.html.erb (0.2ms)
  Rendered shared/_gear_dropdown.html.erb (0.2ms)
  Rendered shared/_main_nav.html.erb (2.3ms)
  Rendered shared/_masthead.html.erb (0.3ms)
  Rendered shared/_search_modal.html.erb (0.2ms)
  Rendered shared/_sections_nav.html.erb (1.1ms)
  Rendered shared/_search_modal.html.erb (0.0ms)
  Rendered shared/_main_content.html.erb (0.3ms)
  Rendered static_pages/index.html.erb within layouts/application (8.0ms)
Completed 200 OK in 20ms (Views: 19.2ms | ActiveRecord: 0.0ms)


Started GET "/assets/AA_Times_Logo.png" for ::1 at 2021-08-02 22:12:57 +0200
Started GET "/assets/new_office.jpg" for ::1 at 2021-08-02 22:12:57 +0200
Started GET "/" for ::1 at 2021-08-02 22:13:05 +0200
Processing by StaticPagesController#index as HTML
  Rendering static_pages/index.html.erb within layouts/application
  Rendered shared/_sections_sidebar.html.erb (0.4ms)
  Rendered shared/_gear_dropdown.html.erb (0.3ms)
  Rendered shared/_main_nav.html.erb (2.2ms)
  Rendered shared/_masthead.html.erb (0.3ms)
  Rendered shared/_search_modal.html.erb (0.2ms)
  Rendered shared/_sections_nav.html.erb (0.9ms)
  Rendered shared/_search_modal.html.erb (0.0ms)
  Rendered shared/_main_content.html.erb (0.5ms)
  Rendered static_pages/index.html.erb within layouts/application (7.1ms)
Completed 200 OK in 18ms (Views: 17.2ms | ActiveRecord: 0.0ms)


Started GET "/assets/AA_Times_Logo.png" for ::1 at 2021-08-02 22:13:05 +0200
Started GET "/assets/new_office.jpg" for ::1 at 2021-08-02 22:13:05 +0200
Started GET "/" for ::1 at 2021-08-02 22:13:06 +0200
Processing by StaticPagesController#index as HTML
  Rendering static_pages/index.html.erb within layouts/application
  Rendered shared/_sections_sidebar.html.erb (0.5ms)
  Rendered shared/_gear_dropdown.html.erb (0.2ms)
  Rendered shared/_main_nav.html.erb (2.6ms)
  Rendered shared/_masthead.html.erb (0.3ms)
  Rendered shared/_search_modal.html.erb (0.3ms)
  Rendered shared/_sections_nav.html.erb (1.4ms)
  Rendered shared/_search_modal.html.erb (0.0ms)
  Rendered shared/_main_content.html.erb (0.3ms)
  Rendered static_pages/index.html.erb within layouts/application (8.0ms)
Completed 200 OK in 24ms (Views: 23.0ms | ActiveRecord: 0.0ms)


Started GET "/assets/AA_Times_Logo.png" for ::1 at 2021-08-02 22:13:06 +0200
Started GET "/assets/new_office.jpg" for ::1 at 2021-08-02 22:13:06 +0200
Started GET "/" for ::1 at 2021-08-02 22:13:22 +0200
Processing by StaticPagesController#index as HTML
  Rendering static_pages/index.html.erb within layouts/application
  Rendered shared/_sections_sidebar.html.erb (0.3ms)
  Rendered shared/_gear_dropdown.html.erb (0.2ms)
  Rendered shared/_main_nav.html.erb (2.3ms)
  Rendered shared/_masthead.html.erb (0.2ms)
  Rendered shared/_search_modal.html.erb (0.2ms)
  Rendered shared/_sections_nav.html.erb (1.0ms)
  Rendered shared/_search_modal.html.erb (0.0ms)
  Rendered shared/_main_content.html.erb (0.3ms)
  Rendered static_pages/index.html.erb within layouts/application (6.9ms)
Completed 200 OK in 18ms (Views: 17.0ms | ActiveRecord: 0.0ms)


Started GET "/assets/new_office.jpg" for ::1 at 2021-08-02 22:13:22 +0200
Started GET "/assets/AA_Times_Logo.png" for ::1 at 2021-08-02 22:13:22 +0200
Started GET "/assets/AA_Times_Logo.png" for ::1 at 2021-08-02 22:14:12 +0200
Started GET "/assets/new_office.jpg" for ::1 at 2021-08-02 22:14:12 +0200
Started GET "/assets/application.self-901fa1550e3e5a1409fe20039dc9c805fd002f39b638c6929ee57181a5099bfe.css?body=1&livereload=1627935336164" for ::1 at 2021-08-02 22:15:35 +0200
Started GET "/assets/application.self-901fa1550e3e5a1409fe20039dc9c805fd002f39b638c6929ee57181a5099bfe.css?body=1&livereload=1627935336166" for ::1 at 2021-08-02 22:15:35 +0200
Started GET "/assets/application.self-901fa1550e3e5a1409fe20039dc9c805fd002f39b638c6929ee57181a5099bfe.css?body=1&livereload=1627935349242" for ::1 at 2021-08-02 22:15:48 +0200
Started GET "/assets/application.self-901fa1550e3e5a1409fe20039dc9c805fd002f39b638c6929ee57181a5099bfe.css?body=1&livereload=1627935349243" for ::1 at 2021-08-02 22:15:48 +0200
Started GET "/assets/application.self-901fa1550e3e5a1409fe20039dc9c805fd002f39b638c6929ee57181a5099bfe.css?body=1&livereload=1627935367828" for ::1 at 2021-08-02 22:16:07 +0200
Started GET "/assets/application.self-901fa1550e3e5a1409fe20039dc9c805fd002f39b638c6929ee57181a5099bfe.css?body=1&livereload=1627935367829" for ::1 at 2021-08-02 22:16:07 +0200
Started GET "/assets/application.self-901fa1550e3e5a1409fe20039dc9c805fd002f39b638c6929ee57181a5099bfe.css?body=1&livereload=1627935368369" for ::1 at 2021-08-02 22:16:07 +0200
Started GET "/assets/application.self-901fa1550e3e5a1409fe20039dc9c805fd002f39b638c6929ee57181a5099bfe.css?body=1&livereload=1627935368370" for ::1 at 2021-08-02 22:16:07 +0200
Started GET "/assets/application.self-901fa1550e3e5a1409fe20039dc9c805fd002f39b638c6929ee57181a5099bfe.css?body=1&livereload=1627935401656" for ::1 at 2021-08-02 22:16:40 +0200
Started GET "/assets/application.self-901fa1550e3e5a1409fe20039dc9c805fd002f39b638c6929ee57181a5099bfe.css?body=1&livereload=1627935401657" for ::1 at 2021-08-02 22:16:40 +0200
Started GET "/assets/application.self-901fa1550e3e5a1409fe20039dc9c805fd002f39b638c6929ee57181a5099bfe.css?body=1&livereload=1627935436576" for ::1 at 2021-08-02 22:17:15 +0200
Started GET "/assets/application.self-901fa1550e3e5a1409fe20039dc9c805fd002f39b638c6929ee57181a5099bfe.css?body=1&livereload=1627935436578" for ::1 at 2021-08-02 22:17:15 +0200
