  [1m[35m (143.3ms)[0m  [1m[35mCREATE DATABASE "URLShortener_development" ENCODING = 'unicode'[0m
  [1m[35m (145.9ms)[0m  [1m[35mCREATE DATABASE "URLShortener_test" ENCODING = 'unicode'[0m
  [1m[35m (12.3ms)[0m  [1m[35mCREATE TABLE "schema_migrations" ("version" character varying NOT NULL PRIMARY KEY)[0m
  [1m[35m (7.1ms)[0m  [1m[35mCREATE TABLE "ar_internal_metadata" ("key" character varying NOT NULL PRIMARY KEY, "value" character varying, "created_at" timestamp(6) NOT NULL, "updated_at" timestamp(6) NOT NULL)[0m
  [1m[35m (0.2ms)[0m  [1m[34mSELECT pg_try_advisory_lock(4762635147840476445)[0m
  [1m[35m (0.5ms)[0m  [1m[34mSELECT "schema_migrations"."version" FROM "schema_migrations" ORDER BY "schema_migrations"."version" ASC[0m
Migrating to CreateUsers (20210705190646)
  [1m[36mTRANSACTION (0.2ms)[0m  [1m[35mBEGIN[0m
  [1m[35m (8.0ms)[0m  [1m[35mCREATE TABLE "users" ("id" bigserial primary key, "email" character varying NOT NULL, "created_at" timestamp(6) NOT NULL, "updated_at" timestamp(6) NOT NULL)[0m
  [1m[35m (2.9ms)[0m  [1m[35mCREATE UNIQUE INDEX "index_users_on_email" ON "users" ("email")[0m
  [1m[36mActiveRecord::SchemaMigration Create (0.6ms)[0m  [1m[32mINSERT INTO "schema_migrations" ("version") VALUES ($1) RETURNING "version"[0m  [["version", "20210705190646"]]
  [1m[36mTRANSACTION (1.4ms)[0m  [1m[35mCOMMIT[0m
  [1m[36mActiveRecord::InternalMetadata Load (0.3ms)[0m  [1m[34mSELECT "ar_internal_metadata".* FROM "ar_internal_metadata" WHERE "ar_internal_metadata"."key" = $1 LIMIT $2[0m  [["key", "environment"], ["LIMIT", 1]]
  [1m[36mTRANSACTION (0.1ms)[0m  [1m[35mBEGIN[0m
  [1m[36mActiveRecord::InternalMetadata Create (0.7ms)[0m  [1m[32mINSERT INTO "ar_internal_metadata" ("key", "value", "created_at", "updated_at") VALUES ($1, $2, $3, $4) RETURNING "key"[0m  [["key", "environment"], ["value", "development"], ["created_at", "2021-07-05 20:27:08.532237"], ["updated_at", "2021-07-05 20:27:08.532237"]]
  [1m[36mTRANSACTION (1.2ms)[0m  [1m[35mCOMMIT[0m
  [1m[35m (0.2ms)[0m  [1m[34mSELECT pg_advisory_unlock(4762635147840476445)[0m
  [1m[35m (0.3ms)[0m  [1m[34mSELECT "schema_migrations"."version" FROM "schema_migrations" ORDER BY "schema_migrations"."version" ASC[0m
  [1m[36mUser Exists? (0.5ms)[0m  [1m[34mSELECT 1 AS one FROM "users" WHERE "users"."email" IS NULL LIMIT $1[0m  [["LIMIT", 1]]
  [1m[36mUser Exists? (0.5ms)[0m  [1m[34mSELECT 1 AS one FROM "users" WHERE "users"."email" = $1 LIMIT $2[0m  [["email", "josepcoronado@gmail.com"], ["LIMIT", 1]]
  [1m[36mTRANSACTION (0.1ms)[0m  [1m[35mBEGIN[0m
  [1m[36mUser Exists? (0.2ms)[0m  [1m[34mSELECT 1 AS one FROM "users" WHERE "users"."email" = $1 LIMIT $2[0m  [["email", "josepcoronado@gmail.com"], ["LIMIT", 1]]
  [1m[36mUser Create (0.6ms)[0m  [1m[32mINSERT INTO "users" ("email", "created_at", "updated_at") VALUES ($1, $2, $3) RETURNING "id"[0m  [["email", "josepcoronado@gmail.com"], ["created_at", "2021-07-05 20:30:13.368965"], ["updated_at", "2021-07-05 20:30:13.368965"]]
  [1m[36mTRANSACTION (3.6ms)[0m  [1m[35mCOMMIT[0m
  [1m[35m (0.1ms)[0m  [1m[34mSELECT pg_try_advisory_lock(4762635147840476445)[0m
  [1m[35m (0.3ms)[0m  [1m[34mSELECT "schema_migrations"."version" FROM "schema_migrations" ORDER BY "schema_migrations"."version" ASC[0m
Migrating to CreateShortenedUrls (20210705203130)
  [1m[36mTRANSACTION (0.1ms)[0m  [1m[35mBEGIN[0m
  [1m[35m (8.9ms)[0m  [1m[35mCREATE TABLE "shortened_urls" ("id" bigserial primary key, "long_url" character varying NOT NULL, "short_url" character varying NOT NULL, "submitter_id" integer NOT NULL, "created_at" timestamp(6) NOT NULL, "updated_at" timestamp(6) NOT NULL)[0m
  [1m[35m (2.6ms)[0m  [1m[35mCREATE UNIQUE INDEX "index_shortened_urls_on_short_url" ON "shortened_urls" ("short_url")[0m
  [1m[35m (2.5ms)[0m  [1m[35mCREATE INDEX "index_shortened_urls_on_submitter_id" ON "shortened_urls" ("submitter_id")[0m
  [1m[36mActiveRecord::SchemaMigration Create (0.2ms)[0m  [1m[32mINSERT INTO "schema_migrations" ("version") VALUES ($1) RETURNING "version"[0m  [["version", "20210705203130"]]
  [1m[36mTRANSACTION (1.5ms)[0m  [1m[35mCOMMIT[0m
  [1m[36mActiveRecord::InternalMetadata Load (0.2ms)[0m  [1m[34mSELECT "ar_internal_metadata".* FROM "ar_internal_metadata" WHERE "ar_internal_metadata"."key" = $1 LIMIT $2[0m  [["key", "environment"], ["LIMIT", 1]]
  [1m[35m (0.2ms)[0m  [1m[34mSELECT pg_advisory_unlock(4762635147840476445)[0m
  [1m[35m (0.3ms)[0m  [1m[34mSELECT "schema_migrations"."version" FROM "schema_migrations" ORDER BY "schema_migrations"."version" ASC[0m
  [1m[36mShortenedUrl Exists? (0.5ms)[0m  [1m[34mSELECT 1 AS one FROM "shortened_urls" WHERE "shortened_urls"."short_url" IS NULL LIMIT $1[0m  [["LIMIT", 1]]
  [1m[36mShortenedUrl Exists? (0.5ms)[0m  [1m[34mSELECT 1 AS one FROM "shortened_urls" WHERE "shortened_urls"."short_url" = $1 LIMIT $2[0m  [["short_url", "https://short.com"], ["LIMIT", 1]]
  [1m[36mShortenedUrl Exists? (0.3ms)[0m  [1m[34mSELECT 1 AS one FROM "shortened_urls" WHERE "shortened_urls"."short_url" = $1 LIMIT $2[0m  [["short_url", "https://short.com"], ["LIMIT", 1]]
  [1m[36mTRANSACTION (0.1ms)[0m  [1m[35mBEGIN[0m
  [1m[36mUser Exists? (0.4ms)[0m  [1m[34mSELECT 1 AS one FROM "users" WHERE "users"."email" = $1 LIMIT $2[0m  [["email", "supermario@gmail.com"], ["LIMIT", 1]]
  [1m[36mUser Create (0.3ms)[0m  [1m[32mINSERT INTO "users" ("email", "created_at", "updated_at") VALUES ($1, $2, $3) RETURNING "id"[0m  [["email", "supermario@gmail.com"], ["created_at", "2021-07-05 21:18:56.868404"], ["updated_at", "2021-07-05 21:18:56.868404"]]
  [1m[36mTRANSACTION (3.0ms)[0m  [1m[35mCOMMIT[0m
  [1m[36mTRANSACTION (0.2ms)[0m  [1m[35mBEGIN[0m
  [1m[36mUser Exists? (0.3ms)[0m  [1m[34mSELECT 1 AS one FROM "users" WHERE "users"."email" = $1 LIMIT $2[0m  [["email", "thebrotherluigi@gmail.com"], ["LIMIT", 1]]
  [1m[36mUser Create (0.2ms)[0m  [1m[32mINSERT INTO "users" ("email", "created_at", "updated_at") VALUES ($1, $2, $3) RETURNING "id"[0m  [["email", "thebrotherluigi@gmail.com"], ["created_at", "2021-07-05 21:19:12.573449"], ["updated_at", "2021-07-05 21:19:12.573449"]]
  [1m[36mTRANSACTION (2.9ms)[0m  [1m[35mCOMMIT[0m
  [1m[36mTRANSACTION (0.1ms)[0m  [1m[35mBEGIN[0m
  [1m[36mUser Exists? (0.2ms)[0m  [1m[34mSELECT 1 AS one FROM "users" WHERE "users"."email" = $1 LIMIT $2[0m  [["email", "princesspeach@gmail.com"], ["LIMIT", 1]]
  [1m[36mUser Create (0.2ms)[0m  [1m[32mINSERT INTO "users" ("email", "created_at", "updated_at") VALUES ($1, $2, $3) RETURNING "id"[0m  [["email", "princesspeach@gmail.com"], ["created_at", "2021-07-05 21:19:23.653221"], ["updated_at", "2021-07-05 21:19:23.653221"]]
  [1m[36mTRANSACTION (1.4ms)[0m  [1m[35mCOMMIT[0m
  [1m[36mTRANSACTION (0.1ms)[0m  [1m[35mBEGIN[0m
  [1m[36mUser Exists? (0.2ms)[0m  [1m[34mSELECT 1 AS one FROM "users" WHERE "users"."email" = $1 LIMIT $2[0m  [["email", "toad@gmail.com"], ["LIMIT", 1]]
  [1m[36mUser Create (0.2ms)[0m  [1m[32mINSERT INTO "users" ("email", "created_at", "updated_at") VALUES ($1, $2, $3) RETURNING "id"[0m  [["email", "toad@gmail.com"], ["created_at", "2021-07-05 21:19:35.478362"], ["updated_at", "2021-07-05 21:19:35.478362"]]
  [1m[36mTRANSACTION (2.9ms)[0m  [1m[35mCOMMIT[0m
  [1m[36mTRANSACTION (0.1ms)[0m  [1m[35mBEGIN[0m
  [1m[36mUser Exists? (0.3ms)[0m  [1m[34mSELECT 1 AS one FROM "users" WHERE "users"."email" = $1 LIMIT $2[0m  [["email", "toadette@gmail.com"], ["LIMIT", 1]]
  [1m[36mUser Create (0.2ms)[0m  [1m[32mINSERT INTO "users" ("email", "created_at", "updated_at") VALUES ($1, $2, $3) RETURNING "id"[0m  [["email", "toadette@gmail.com"], ["created_at", "2021-07-05 21:19:47.157524"], ["updated_at", "2021-07-05 21:19:47.157524"]]
  [1m[36mTRANSACTION (1.2ms)[0m  [1m[35mCOMMIT[0m
  [1m[36mUser Load (0.2ms)[0m  [1m[34mSELECT "users".* FROM "users" WHERE "users"."id" = $1 LIMIT $2[0m  [["id", 6], ["LIMIT", 1]]
  [1m[36mUser Load (0.2ms)[0m  [1m[34mSELECT "users".* FROM "users" WHERE "users"."id" = $1 LIMIT $2[0m  [["id", 1], ["LIMIT", 1]]
  [1m[36mShortenedUrl Exists? (0.3ms)[0m  [1m[34mSELECT 1 AS one FROM "shortened_urls" WHERE "shortened_urls"."short_url" = $1 LIMIT $2[0m  [["short_url", "xFWM8tzzjWwWmRvIJsR9tA"], ["LIMIT", 1]]
  [1m[36mTRANSACTION (0.2ms)[0m  [1m[35mBEGIN[0m
  [1m[36mShortenedUrl Exists? (0.2ms)[0m  [1m[34mSELECT 1 AS one FROM "shortened_urls" WHERE "shortened_urls"."short_url" = $1 LIMIT $2[0m  [["short_url", "xFWM8tzzjWwWmRvIJsR9tA"], ["LIMIT", 1]]
  [1m[36mShortenedUrl Create (0.6ms)[0m  [1m[32mINSERT INTO "shortened_urls" ("long_url", "short_url", "submitter_id", "created_at", "updated_at") VALUES ($1, $2, $3, $4, $5) RETURNING "id"[0m  [["long_url", "https://wherethehellisprincesspeachat.com"], ["short_url", "xFWM8tzzjWwWmRvIJsR9tA"], ["submitter_id", 1], ["created_at", "2021-07-05 21:22:10.399952"], ["updated_at", "2021-07-05 21:22:10.399952"]]
  [1m[36mTRANSACTION (1.7ms)[0m  [1m[35mCOMMIT[0m
  [1m[36mUser Load (0.3ms)[0m  [1m[34mSELECT "users".* FROM "users" WHERE "users"."id" = $1 LIMIT $2[0m  [["id", 2], ["LIMIT", 1]]
  [1m[36mShortenedUrl Exists? (0.2ms)[0m  [1m[34mSELECT 1 AS one FROM "shortened_urls" WHERE "shortened_urls"."short_url" = $1 LIMIT $2[0m  [["short_url", "qKDtNRds1SQw-kz11RQIjw"], ["LIMIT", 1]]
  [1m[36mTRANSACTION (0.1ms)[0m  [1m[35mBEGIN[0m
  [1m[36mShortenedUrl Exists? (0.2ms)[0m  [1m[34mSELECT 1 AS one FROM "shortened_urls" WHERE "shortened_urls"."short_url" = $1 LIMIT $2[0m  [["short_url", "qKDtNRds1SQw-kz11RQIjw"], ["LIMIT", 1]]
  [1m[36mShortenedUrl Create (0.2ms)[0m  [1m[32mINSERT INTO "shortened_urls" ("long_url", "short_url", "submitter_id", "created_at", "updated_at") VALUES ($1, $2, $3, $4, $5) RETURNING "id"[0m  [["long_url", "https://howtobecomethemaincharacter.blog"], ["short_url", "qKDtNRds1SQw-kz11RQIjw"], ["submitter_id", 2], ["created_at", "2021-07-05 21:22:50.435948"], ["updated_at", "2021-07-05 21:22:50.435948"]]
  [1m[36mTRANSACTION (2.9ms)[0m  [1m[35mCOMMIT[0m
  [1m[36mUser Load (0.3ms)[0m  [1m[34mSELECT "users".* FROM "users" WHERE "users"."id" = $1 LIMIT $2[0m  [["id", 3], ["LIMIT", 1]]
  [1m[36mShortenedUrl Exists? (0.3ms)[0m  [1m[34mSELECT 1 AS one FROM "shortened_urls" WHERE "shortened_urls"."short_url" = $1 LIMIT $2[0m  [["short_url", "Vs7ilLLQZ5Y52Vz4PZkxWQ"], ["LIMIT", 1]]
  [1m[36mTRANSACTION (0.1ms)[0m  [1m[35mBEGIN[0m
  [1m[36mShortenedUrl Exists? (0.2ms)[0m  [1m[34mSELECT 1 AS one FROM "shortened_urls" WHERE "shortened_urls"."short_url" = $1 LIMIT $2[0m  [["short_url", "Vs7ilLLQZ5Y52Vz4PZkxWQ"], ["LIMIT", 1]]
  [1m[36mShortenedUrl Create (0.2ms)[0m  [1m[32mINSERT INTO "shortened_urls" ("long_url", "short_url", "submitter_id", "created_at", "updated_at") VALUES ($1, $2, $3, $4, $5) RETURNING "id"[0m  [["long_url", "https://stockholmsyndrome.com"], ["short_url", "Vs7ilLLQZ5Y52Vz4PZkxWQ"], ["submitter_id", 3], ["created_at", "2021-07-05 21:23:26.524924"], ["updated_at", "2021-07-05 21:23:26.524924"]]
  [1m[36mTRANSACTION (2.9ms)[0m  [1m[35mCOMMIT[0m
  [1m[36mUser Load (0.3ms)[0m  [1m[34mSELECT "users".* FROM "users" WHERE "users"."id" = $1 LIMIT $2[0m  [["id", 5], ["LIMIT", 1]]
  [1m[36mShortenedUrl Exists? (0.3ms)[0m  [1m[34mSELECT 1 AS one FROM "shortened_urls" WHERE "shortened_urls"."short_url" = $1 LIMIT $2[0m  [["short_url", "81RN4kSwdwZNnp3UQMEUbQ"], ["LIMIT", 1]]
  [1m[36mTRANSACTION (0.1ms)[0m  [1m[35mBEGIN[0m
  [1m[36mShortenedUrl Exists? (0.3ms)[0m  [1m[34mSELECT 1 AS one FROM "shortened_urls" WHERE "shortened_urls"."short_url" = $1 LIMIT $2[0m  [["short_url", "81RN4kSwdwZNnp3UQMEUbQ"], ["LIMIT", 1]]
  [1m[36mShortenedUrl Create (0.3ms)[0m  [1m[32mINSERT INTO "shortened_urls" ("long_url", "short_url", "submitter_id", "created_at", "updated_at") VALUES ($1, $2, $3, $4, $5) RETURNING "id"[0m  [["long_url", "https://funghiandotherwildlife.com"], ["short_url", "81RN4kSwdwZNnp3UQMEUbQ"], ["submitter_id", 5], ["created_at", "2021-07-05 21:24:11.611127"], ["updated_at", "2021-07-05 21:24:11.611127"]]
  [1m[36mTRANSACTION (3.0ms)[0m  [1m[35mCOMMIT[0m
  [1m[36mUser Load (0.3ms)[0m  [1m[34mSELECT "users".* FROM "users" WHERE "users"."id" = $1 LIMIT $2[0m  [["id", 6], ["LIMIT", 1]]
  [1m[36mShortenedUrl Exists? (0.2ms)[0m  [1m[34mSELECT 1 AS one FROM "shortened_urls" WHERE "shortened_urls"."short_url" = $1 LIMIT $2[0m  [["short_url", "O2QS65yHNv0EWueAG3tctw"], ["LIMIT", 1]]
  [1m[36mTRANSACTION (0.1ms)[0m  [1m[35mBEGIN[0m
  [1m[36mShortenedUrl Exists? (0.2ms)[0m  [1m[34mSELECT 1 AS one FROM "shortened_urls" WHERE "shortened_urls"."short_url" = $1 LIMIT $2[0m  [["short_url", "O2QS65yHNv0EWueAG3tctw"], ["LIMIT", 1]]
  [1m[36mShortenedUrl Create (0.3ms)[0m  [1m[32mINSERT INTO "shortened_urls" ("long_url", "short_url", "submitter_id", "created_at", "updated_at") VALUES ($1, $2, $3, $4, $5) RETURNING "id"[0m  [["long_url", "https://funghiandotherwildlife.com"], ["short_url", "O2QS65yHNv0EWueAG3tctw"], ["submitter_id", 6], ["created_at", "2021-07-05 21:24:21.558676"], ["updated_at", "2021-07-05 21:24:21.558676"]]
  [1m[36mTRANSACTION (3.0ms)[0m  [1m[35mCOMMIT[0m
  [1m[36mShortenedUrl Load (0.2ms)[0m  [1m[34mSELECT "shortened_urls".* FROM "shortened_urls" WHERE "shortened_urls"."id" = $1 LIMIT $2[0m  [["id", 1], ["LIMIT", 1]]
  [1m[36mTRANSACTION (0.1ms)[0m  [1m[35mBEGIN[0m
  [1m[36mShortenedUrl Exists? (0.3ms)[0m  [1m[34mSELECT 1 AS one FROM "shortened_urls" WHERE "shortened_urls"."short_url" = $1 AND "shortened_urls"."id" != $2 LIMIT $3[0m  [["short_url", "xFWM8tzzjWwWmRvIJsR9tA"], ["id", 1], ["LIMIT", 1]]
  [1m[36mShortenedUrl Update (0.4ms)[0m  [1m[33mUPDATE "shortened_urls" SET "submitter_id" = $1, "updated_at" = $2 WHERE "shortened_urls"."id" = $3[0m  [["submitter_id", 2], ["updated_at", "2021-07-05 21:24:52.243359"], ["id", 1]]
  [1m[36mTRANSACTION (3.0ms)[0m  [1m[35mCOMMIT[0m
  [1m[36mShortenedUrl Load (0.3ms)[0m  [1m[34mSELECT "shortened_urls".* FROM "shortened_urls" WHERE "shortened_urls"."id" = $1 LIMIT $2[0m  [["id", 1], ["LIMIT", 1]]
  [1m[36mShortenedUrl Load (0.3ms)[0m  [1m[34mSELECT "shortened_urls".* FROM "shortened_urls" WHERE "shortened_urls"."id" = $1 LIMIT $2[0m  [["id", 2], ["LIMIT", 1]]
  [1m[36mTRANSACTION (0.1ms)[0m  [1m[35mBEGIN[0m
  [1m[36mShortenedUrl Exists? (0.3ms)[0m  [1m[34mSELECT 1 AS one FROM "shortened_urls" WHERE "shortened_urls"."short_url" = $1 AND "shortened_urls"."id" != $2 LIMIT $3[0m  [["short_url", "qKDtNRds1SQw-kz11RQIjw"], ["id", 2], ["LIMIT", 1]]
  [1m[36mShortenedUrl Update (0.2ms)[0m  [1m[33mUPDATE "shortened_urls" SET "submitter_id" = $1, "updated_at" = $2 WHERE "shortened_urls"."id" = $3[0m  [["submitter_id", 3], ["updated_at", "2021-07-05 21:25:10.595199"], ["id", 2]]
  [1m[36mTRANSACTION (3.0ms)[0m  [1m[35mCOMMIT[0m
  [1m[36mShortenedUrl Load (0.3ms)[0m  [1m[34mSELECT "shortened_urls".* FROM "shortened_urls" WHERE "shortened_urls"."id" = $1 LIMIT $2[0m  [["id", 3], ["LIMIT", 1]]
  [1m[36mTRANSACTION (0.1ms)[0m  [1m[35mBEGIN[0m
  [1m[36mShortenedUrl Exists? (0.3ms)[0m  [1m[34mSELECT 1 AS one FROM "shortened_urls" WHERE "shortened_urls"."short_url" = $1 AND "shortened_urls"."id" != $2 LIMIT $3[0m  [["short_url", "Vs7ilLLQZ5Y52Vz4PZkxWQ"], ["id", 3], ["LIMIT", 1]]
  [1m[36mShortenedUrl Update (0.2ms)[0m  [1m[33mUPDATE "shortened_urls" SET "submitter_id" = $1, "updated_at" = $2 WHERE "shortened_urls"."id" = $3[0m  [["submitter_id", 4], ["updated_at", "2021-07-05 21:25:16.284133"], ["id", 3]]
  [1m[36mTRANSACTION (1.1ms)[0m  [1m[35mCOMMIT[0m
  [1m[35m (0.1ms)[0m  [1m[34mSELECT pg_try_advisory_lock(4762635147840476445)[0m
  [1m[35m (0.3ms)[0m  [1m[34mSELECT "schema_migrations"."version" FROM "schema_migrations" ORDER BY "schema_migrations"."version" ASC[0m
Migrating to CreateVisits (20210705214100)
  [1m[36mTRANSACTION (0.2ms)[0m  [1m[35mBEGIN[0m
  [1m[35m (6.5ms)[0m  [1m[35mCREATE TABLE "visits" ("id" bigserial primary key, "user_id" integer NOT NULL, "shortened_url_id" integer NOT NULL, "created_at" timestamp(6) NOT NULL, "updated_at" timestamp(6) NOT NULL)[0m
  [1m[35m (2.9ms)[0m  [1m[35mCREATE INDEX "index_visits_on_user_id" ON "visits" ("user_id")[0m
  [1m[35m (2.5ms)[0m  [1m[35mCREATE INDEX "index_visits_on_shortened_url_id" ON "visits" ("shortened_url_id")[0m
  [1m[36mActiveRecord::SchemaMigration Create (0.2ms)[0m  [1m[32mINSERT INTO "schema_migrations" ("version") VALUES ($1) RETURNING "version"[0m  [["version", "20210705214100"]]
  [1m[36mTRANSACTION (1.6ms)[0m  [1m[35mCOMMIT[0m
  [1m[36mActiveRecord::InternalMetadata Load (0.2ms)[0m  [1m[34mSELECT "ar_internal_metadata".* FROM "ar_internal_metadata" WHERE "ar_internal_metadata"."key" = $1 LIMIT $2[0m  [["key", "environment"], ["LIMIT", 1]]
  [1m[35m (0.2ms)[0m  [1m[34mSELECT pg_advisory_unlock(4762635147840476445)[0m
  [1m[35m (0.3ms)[0m  [1m[34mSELECT "schema_migrations"."version" FROM "schema_migrations" ORDER BY "schema_migrations"."version" ASC[0m
  [1m[36mUser Exists? (0.4ms)[0m  [1m[34mSELECT 1 AS one FROM "users" WHERE "users"."email" IS NULL LIMIT $1[0m  [["LIMIT", 1]]
  [1m[36mUser Exists? (0.5ms)[0m  [1m[34mSELECT 1 AS one FROM "users" WHERE "users"."email" = $1 LIMIT $2[0m  [["email", "test"], ["LIMIT", 1]]
  [1m[36mUser Load (0.3ms)[0m  [1m[34mSELECT "users".* FROM "users" WHERE "users"."id" = $1 LIMIT $2[0m  [["id", 1], ["LIMIT", 1]]
  [1m[36mShortenedUrl Load (0.2ms)[0m  [1m[34mSELECT "shortened_urls".* FROM "shortened_urls" WHERE "shortened_urls"."id" = $1 LIMIT $2[0m  [["id", 1], ["LIMIT", 1]]
  [1m[36mShortenedUrl Load (0.2ms)[0m  [1m[34mSELECT "shortened_urls".* FROM "shortened_urls" WHERE "shortened_urls"."id" = $1 LIMIT $2[0m  [["id", 1], ["LIMIT", 1]]
  [1m[36mShortenedUrl Load (0.2ms)[0m  [1m[34mSELECT "shortened_urls".* FROM "shortened_urls" WHERE "shortened_urls"."id" = $1 LIMIT $2[0m  [["id", 1], ["LIMIT", 1]]
  [1m[35m (1.1ms)[0m  [1m[34mSELECT COUNT(*) FROM "visits" WHERE "visits"."shortened_url_id" = $1[0m  [["shortened_url_id", 1]]
  [1m[35m (0.3ms)[0m  [1m[34mSELECT COUNT(DISTINCT "visits"."user_id") FROM "visits" WHERE "visits"."shortened_url_id" = $1[0m  [["shortened_url_id", 1]]
  [1m[36mShortenedUrl Load (0.2ms)[0m  [1m[34mSELECT "shortened_urls".* FROM "shortened_urls" WHERE "shortened_urls"."id" = $1 LIMIT $2[0m  [["id", 1], ["LIMIT", 1]]
  [1m[35m (0.2ms)[0m  [1m[34mSELECT COUNT(DISTINCT "visits"."user_id") FROM "visits" WHERE "visits"."shortened_url_id" = $1[0m  [["shortened_url_id", 1]]
