  [1m[35m (2.2ms)[0m  [1m[34mSELECT sqlite_version(*)[0m
  [1m[35m (9.6ms)[0m  [1m[35mCREATE TABLE "schema_migrations" ("version" varchar NOT NULL PRIMARY KEY)[0m
  [1m[35m (8.4ms)[0m  [1m[35mCREATE TABLE "ar_internal_metadata" ("key" varchar NOT NULL PRIMARY KEY, "value" varchar, "created_at" datetime(6) NOT NULL, "updated_at" datetime(6) NOT NULL)[0m
  [1m[35m (0.1ms)[0m  [1m[34mSELECT "schema_migrations"."version" FROM "schema_migrations" ORDER BY "schema_migrations"."version" ASC[0m
Migrating to CreateUsers (20210705173359)
  [1m[36mTRANSACTION (0.1ms)[0m  [1m[36mbegin transaction[0m
  [1m[35m (0.3ms)[0m  [1m[35mCREATE TABLE "users" ("id" integer PRIMARY KEY AUTOINCREMENT NOT NULL, "name" varchar, "created_at" datetime(6) NOT NULL, "updated_at" datetime(6) NOT NULL)[0m
  [1m[36mActiveRecord::SchemaMigration Create (0.3ms)[0m  [1m[32mINSERT INTO "schema_migrations" ("version") VALUES (?)[0m  [["version", "20210705173359"]]
  [1m[36mTRANSACTION (6.7ms)[0m  [1m[36mcommit transaction[0m
Migrating to CreateEnrollments (20210705173409)
  [1m[36mTRANSACTION (0.1ms)[0m  [1m[36mbegin transaction[0m
  [1m[35m (0.3ms)[0m  [1m[35mCREATE TABLE "enrollments" ("id" integer PRIMARY KEY AUTOINCREMENT NOT NULL, "course_id" integer, "student_id" integer, "created_at" datetime(6) NOT NULL, "updated_at" datetime(6) NOT NULL)[0m
  [1m[36mActiveRecord::SchemaMigration Create (0.3ms)[0m  [1m[32mINSERT INTO "schema_migrations" ("version") VALUES (?)[0m  [["version", "20210705173409"]]
  [1m[36mTRANSACTION (6.7ms)[0m  [1m[36mcommit transaction[0m
Migrating to CreateCourses (20210705173417)
  [1m[36mTRANSACTION (0.1ms)[0m  [1m[36mbegin transaction[0m
  [1m[35m (0.4ms)[0m  [1m[35mCREATE TABLE "courses" ("id" integer PRIMARY KEY AUTOINCREMENT NOT NULL, "name" varchar, "prereq_id" integer, "instructor_id" integer, "created_at" datetime(6) NOT NULL, "updated_at" datetime(6) NOT NULL)[0m
  [1m[36mActiveRecord::SchemaMigration Create (0.3ms)[0m  [1m[32mINSERT INTO "schema_migrations" ("version") VALUES (?)[0m  [["version", "20210705173417"]]
  [1m[36mTRANSACTION (6.5ms)[0m  [1m[36mcommit transaction[0m
  [1m[36mActiveRecord::InternalMetadata Load (0.2ms)[0m  [1m[34mSELECT "ar_internal_metadata".* FROM "ar_internal_metadata" WHERE "ar_internal_metadata"."key" = ? LIMIT ?[0m  [["key", "environment"], ["LIMIT", 1]]
  [1m[36mTRANSACTION (0.1ms)[0m  [1m[36mbegin transaction[0m
  [1m[36mActiveRecord::InternalMetadata Create (0.3ms)[0m  [1m[32mINSERT INTO "ar_internal_metadata" ("key", "value", "created_at", "updated_at") VALUES (?, ?, ?, ?)[0m  [["key", "environment"], ["value", "development"], ["created_at", "2021-07-05 17:35:27.699549"], ["updated_at", "2021-07-05 17:35:27.699549"]]
  [1m[36mTRANSACTION (5.2ms)[0m  [1m[36mcommit transaction[0m
  [1m[35m (0.1ms)[0m  [1m[34mSELECT sqlite_version(*)[0m
  [1m[35m (0.1ms)[0m  [1m[34mSELECT "schema_migrations"."version" FROM "schema_migrations" ORDER BY "schema_migrations"."version" ASC[0m
  [1m[35m (0.4ms)[0m  [1m[34mSELECT sqlite_version(*)[0m
  [1m[35m (0.1ms)[0m  [1m[34mSELECT "schema_migrations"."version" FROM "schema_migrations" ORDER BY "schema_migrations"."version" ASC[0m
  [1m[35m (0.0ms)[0m  [1m[34mSELECT sqlite_version(*)[0m
  [1m[36mTRANSACTION (0.1ms)[0m  [1m[36mbegin transaction[0m
  [1m[36mUser Load (0.3ms)[0m  [1m[34mSELECT "users".* FROM "users"[0m
  [1m[36mUser Create (0.2ms)[0m  [1m[32mINSERT INTO "users" ("name", "created_at", "updated_at") VALUES (?, ?, ?)[0m  [["name", "CJ"], ["created_at", "2021-07-05 17:35:36.482824"], ["updated_at", "2021-07-05 17:35:36.482824"]]
  [1m[36mUser Create (0.1ms)[0m  [1m[32mINSERT INTO "users" ("name", "created_at", "updated_at") VALUES (?, ?, ?)[0m  [["name", "Flarnie"], ["created_at", "2021-07-05 17:35:36.484591"], ["updated_at", "2021-07-05 17:35:36.484591"]]
  [1m[36mUser Create (0.1ms)[0m  [1m[32mINSERT INTO "users" ("name", "created_at", "updated_at") VALUES (?, ?, ?)[0m  [["name", "Jeff"], ["created_at", "2021-07-05 17:35:36.485993"], ["updated_at", "2021-07-05 17:35:36.485993"]]
  [1m[36mUser Create (0.1ms)[0m  [1m[32mINSERT INTO "users" ("name", "created_at", "updated_at") VALUES (?, ?, ?)[0m  [["name", "Georges St. Pierre"], ["created_at", "2021-07-05 17:35:36.487000"], ["updated_at", "2021-07-05 17:35:36.487000"]]
  [1m[36mUser Create (0.1ms)[0m  [1m[32mINSERT INTO "users" ("name", "created_at", "updated_at") VALUES (?, ?, ?)[0m  [["name", "Ned"], ["created_at", "2021-07-05 17:35:36.487878"], ["updated_at", "2021-07-05 17:35:36.487878"]]
  [1m[36mCourse Load (0.1ms)[0m  [1m[34mSELECT "courses".* FROM "courses"[0m
  [1m[36mCourse Create (0.2ms)[0m  [1m[32mINSERT INTO "courses" ("name", "instructor_id", "created_at", "updated_at") VALUES (?, ?, ?, ?)[0m  [["name", "Ruby 101"], ["instructor_id", 5], ["created_at", "2021-07-05 17:35:36.493292"], ["updated_at", "2021-07-05 17:35:36.493292"]]
  [1m[36mCourse Create (0.1ms)[0m  [1m[32mINSERT INTO "courses" ("name", "prereq_id", "instructor_id", "created_at", "updated_at") VALUES (?, ?, ?, ?, ?)[0m  [["name", "Ruby 102"], ["prereq_id", 1], ["instructor_id", 5], ["created_at", "2021-07-05 17:35:36.494611"], ["updated_at", "2021-07-05 17:35:36.494611"]]
  [1m[36mEnrollment Load (0.1ms)[0m  [1m[34mSELECT "enrollments".* FROM "enrollments"[0m
  [1m[36mEnrollment Create (0.2ms)[0m  [1m[32mINSERT INTO "enrollments" ("course_id", "student_id", "created_at", "updated_at") VALUES (?, ?, ?, ?)[0m  [["course_id", 1], ["student_id", 3], ["created_at", "2021-07-05 17:35:36.499891"], ["updated_at", "2021-07-05 17:35:36.499891"]]
  [1m[36mEnrollment Create (0.1ms)[0m  [1m[32mINSERT INTO "enrollments" ("course_id", "student_id", "created_at", "updated_at") VALUES (?, ?, ?, ?)[0m  [["course_id", 1], ["student_id", 4], ["created_at", "2021-07-05 17:35:36.501244"], ["updated_at", "2021-07-05 17:35:36.501244"]]
  [1m[36mEnrollment Create (0.1ms)[0m  [1m[32mINSERT INTO "enrollments" ("course_id", "student_id", "created_at", "updated_at") VALUES (?, ?, ?, ?)[0m  [["course_id", 2], ["student_id", 1], ["created_at", "2021-07-05 17:35:36.502417"], ["updated_at", "2021-07-05 17:35:36.502417"]]
  [1m[36mEnrollment Create (0.1ms)[0m  [1m[32mINSERT INTO "enrollments" ("course_id", "student_id", "created_at", "updated_at") VALUES (?, ?, ?, ?)[0m  [["course_id", 2], ["student_id", 2], ["created_at", "2021-07-05 17:35:36.503397"], ["updated_at", "2021-07-05 17:35:36.503397"]]
  [1m[36mTRANSACTION (5.2ms)[0m  [1m[36mcommit transaction[0m
  [1m[35m (0.6ms)[0m  [1m[34mSELECT sqlite_version(*)[0m
  [1m[35m (0.0ms)[0m  [1m[34mSELECT sqlite_version(*)[0m
  [1m[35m (0.1ms)[0m  [1m[34mSELECT "schema_migrations"."version" FROM "schema_migrations" ORDER BY "schema_migrations"."version" ASC[0m
  [1m[35m (0.1ms)[0m  [1m[34mSELECT "ar_internal_metadata"."value" FROM "ar_internal_metadata" WHERE "ar_internal_metadata"."key" = ?[0m  [["key", "environment"]]
  [1m[35m (0.1ms)[0m  [1m[34mSELECT "schema_migrations"."version" FROM "schema_migrations" ORDER BY "schema_migrations"."version" ASC[0m
  [1m[35m (0.1ms)[0m  [1m[34mSELECT "ar_internal_metadata"."value" FROM "ar_internal_metadata" WHERE "ar_internal_metadata"."key" = ?[0m  [["key", "environment"]]
  [1m[35m (0.0ms)[0m  [1m[34mSELECT "schema_migrations"."version" FROM "schema_migrations" ORDER BY "schema_migrations"."version" ASC[0m
  [1m[35m (0.0ms)[0m  [1m[34mSELECT "ar_internal_metadata"."value" FROM "ar_internal_metadata" WHERE "ar_internal_metadata"."key" = ?[0m  [["key", "environment"]]
  [1m[35m (0.0ms)[0m  [1m[34mSELECT sqlite_version(*)[0m
  [1m[35m (5.2ms)[0m  [1m[35mDROP TABLE IF EXISTS "courses"[0m
  [1m[35m (5.1ms)[0m  [1m[35mCREATE TABLE "courses" ("id" integer PRIMARY KEY AUTOINCREMENT NOT NULL, "name" varchar, "prereq_id" integer, "instructor_id" integer, "created_at" datetime(6) NOT NULL, "updated_at" datetime(6) NOT NULL)[0m
  [1m[35m (7.2ms)[0m  [1m[35mDROP TABLE IF EXISTS "enrollments"[0m
  [1m[35m (4.9ms)[0m  [1m[35mCREATE TABLE "enrollments" ("id" integer PRIMARY KEY AUTOINCREMENT NOT NULL, "course_id" integer, "student_id" integer, "created_at" datetime(6) NOT NULL, "updated_at" datetime(6) NOT NULL)[0m
  [1m[35m (5.3ms)[0m  [1m[35mDROP TABLE IF EXISTS "users"[0m
  [1m[35m (5.0ms)[0m  [1m[35mCREATE TABLE "users" ("id" integer PRIMARY KEY AUTOINCREMENT NOT NULL, "name" varchar, "created_at" datetime(6) NOT NULL, "updated_at" datetime(6) NOT NULL)[0m
  [1m[35m (0.1ms)[0m  [1m[34mSELECT "schema_migrations"."version" FROM "schema_migrations" ORDER BY "schema_migrations"."version" ASC[0m
  [1m[36mActiveRecord::InternalMetadata Load (0.1ms)[0m  [1m[34mSELECT "ar_internal_metadata".* FROM "ar_internal_metadata" WHERE "ar_internal_metadata"."key" = ? LIMIT ?[0m  [["key", "environment"], ["LIMIT", 1]]
  [1m[36mActiveRecord::InternalMetadata Load (0.0ms)[0m  [1m[34mSELECT "ar_internal_metadata".* FROM "ar_internal_metadata" WHERE "ar_internal_metadata"."key" = ? LIMIT ?[0m  [["key", "environment"], ["LIMIT", 1]]
  [1m[36mActiveRecord::InternalMetadata Load (0.1ms)[0m  [1m[34mSELECT "ar_internal_metadata".* FROM "ar_internal_metadata" WHERE "ar_internal_metadata"."key" = ? LIMIT ?[0m  [["key", "schema_sha1"], ["LIMIT", 1]]
  [1m[36mTRANSACTION (0.0ms)[0m  [1m[36mbegin transaction[0m
  [1m[36mActiveRecord::InternalMetadata Create (0.2ms)[0m  [1m[32mINSERT INTO "ar_internal_metadata" ("key", "value", "created_at", "updated_at") VALUES (?, ?, ?, ?)[0m  [["key", "schema_sha1"], ["value", "451d98a0efcc105b7ab784cfe02712f05ef4586f"], ["created_at", "2021-07-05 17:37:30.934810"], ["updated_at", "2021-07-05 17:37:30.934810"]]
  [1m[36mTRANSACTION (4.9ms)[0m  [1m[36mcommit transaction[0m
  [1m[35m (0.0ms)[0m  [1m[34mSELECT sqlite_version(*)[0m
  [1m[35m (0.1ms)[0m  [1m[35mDROP TABLE IF EXISTS "courses"[0m
  [1m[35m (6.3ms)[0m  [1m[35mCREATE TABLE "courses" ("id" integer PRIMARY KEY AUTOINCREMENT NOT NULL, "name" varchar, "prereq_id" integer, "instructor_id" integer, "created_at" datetime(6) NOT NULL, "updated_at" datetime(6) NOT NULL)[0m
  [1m[35m (0.1ms)[0m  [1m[35mDROP TABLE IF EXISTS "enrollments"[0m
  [1m[35m (6.2ms)[0m  [1m[35mCREATE TABLE "enrollments" ("id" integer PRIMARY KEY AUTOINCREMENT NOT NULL, "course_id" integer, "student_id" integer, "created_at" datetime(6) NOT NULL, "updated_at" datetime(6) NOT NULL)[0m
  [1m[35m (0.1ms)[0m  [1m[35mDROP TABLE IF EXISTS "users"[0m
  [1m[35m (6.5ms)[0m  [1m[35mCREATE TABLE "users" ("id" integer PRIMARY KEY AUTOINCREMENT NOT NULL, "name" varchar, "created_at" datetime(6) NOT NULL, "updated_at" datetime(6) NOT NULL)[0m
  [1m[35m (8.2ms)[0m  [1m[35mCREATE TABLE "schema_migrations" ("version" varchar NOT NULL PRIMARY KEY)[0m
  [1m[35m (0.1ms)[0m  [1m[34mSELECT "schema_migrations"."version" FROM "schema_migrations" ORDER BY "schema_migrations"."version" ASC[0m
  [1m[35m (5.1ms)[0m  [1m[32mINSERT INTO "schema_migrations" (version) VALUES (20210705173417)[0m
  [1m[35m (5.1ms)[0m  [1m[32mINSERT INTO "schema_migrations" (version) VALUES
(20210705173359),
(20210705173409);

[0m
  [1m[35m (6.2ms)[0m  [1m[35mCREATE TABLE "ar_internal_metadata" ("key" varchar NOT NULL PRIMARY KEY, "value" varchar, "created_at" datetime(6) NOT NULL, "updated_at" datetime(6) NOT NULL)[0m
  [1m[36mActiveRecord::InternalMetadata Load (0.1ms)[0m  [1m[34mSELECT "ar_internal_metadata".* FROM "ar_internal_metadata" WHERE "ar_internal_metadata"."key" = ? LIMIT ?[0m  [["key", "environment"], ["LIMIT", 1]]
  [1m[36mTRANSACTION (0.0ms)[0m  [1m[36mbegin transaction[0m
  [1m[36mActiveRecord::InternalMetadata Create (0.2ms)[0m  [1m[32mINSERT INTO "ar_internal_metadata" ("key", "value", "created_at", "updated_at") VALUES (?, ?, ?, ?)[0m  [["key", "environment"], ["value", "development"], ["created_at", "2021-07-05 17:37:31.007511"], ["updated_at", "2021-07-05 17:37:31.007511"]]
  [1m[36mTRANSACTION (4.9ms)[0m  [1m[36mcommit transaction[0m
  [1m[36mActiveRecord::InternalMetadata Load (0.1ms)[0m  [1m[34mSELECT "ar_internal_metadata".* FROM "ar_internal_metadata" WHERE "ar_internal_metadata"."key" = ? LIMIT ?[0m  [["key", "environment"], ["LIMIT", 1]]
  [1m[36mTRANSACTION (0.0ms)[0m  [1m[36mbegin transaction[0m
  [1m[36mActiveRecord::InternalMetadata Update (0.2ms)[0m  [1m[33mUPDATE "ar_internal_metadata" SET "value" = ?, "updated_at" = ? WHERE "ar_internal_metadata"."key" = ?[0m  [["value", "test"], ["updated_at", "2021-07-05 17:37:31.018087"], ["key", "environment"]]
  [1m[36mTRANSACTION (4.8ms)[0m  [1m[36mcommit transaction[0m
  [1m[36mActiveRecord::InternalMetadata Load (0.1ms)[0m  [1m[34mSELECT "ar_internal_metadata".* FROM "ar_internal_metadata" WHERE "ar_internal_metadata"."key" = ? LIMIT ?[0m  [["key", "schema_sha1"], ["LIMIT", 1]]
  [1m[36mTRANSACTION (0.0ms)[0m  [1m[36mbegin transaction[0m
  [1m[36mActiveRecord::InternalMetadata Create (0.2ms)[0m  [1m[32mINSERT INTO "ar_internal_metadata" ("key", "value", "created_at", "updated_at") VALUES (?, ?, ?, ?)[0m  [["key", "schema_sha1"], ["value", "451d98a0efcc105b7ab784cfe02712f05ef4586f"], ["created_at", "2021-07-05 17:37:31.028549"], ["updated_at", "2021-07-05 17:37:31.028549"]]
  [1m[36mTRANSACTION (5.4ms)[0m  [1m[36mcommit transaction[0m
  [1m[35m (0.0ms)[0m  [1m[34mSELECT sqlite_version(*)[0m
  [1m[35m (0.1ms)[0m  [1m[34mSELECT "schema_migrations"."version" FROM "schema_migrations" ORDER BY "schema_migrations"."version" ASC[0m
  [1m[35m (0.1ms)[0m  [1m[34mSELECT sqlite_version(*)[0m
  [1m[36mTRANSACTION (0.0ms)[0m  [1m[36mbegin transaction[0m
  [1m[36mUser Load (0.1ms)[0m  [1m[34mSELECT "users".* FROM "users"[0m
  [1m[36mUser Create (0.2ms)[0m  [1m[32mINSERT INTO "users" ("name", "created_at", "updated_at") VALUES (?, ?, ?)[0m  [["name", "CJ"], ["created_at", "2021-07-05 17:37:31.052228"], ["updated_at", "2021-07-05 17:37:31.052228"]]
  [1m[36mUser Create (0.1ms)[0m  [1m[32mINSERT INTO "users" ("name", "created_at", "updated_at") VALUES (?, ?, ?)[0m  [["name", "Flarnie"], ["created_at", "2021-07-05 17:37:31.054818"], ["updated_at", "2021-07-05 17:37:31.054818"]]
  [1m[36mUser Create (0.1ms)[0m  [1m[32mINSERT INTO "users" ("name", "created_at", "updated_at") VALUES (?, ?, ?)[0m  [["name", "Jeff"], ["created_at", "2021-07-05 17:37:31.056594"], ["updated_at", "2021-07-05 17:37:31.056594"]]
  [1m[36mUser Create (0.1ms)[0m  [1m[32mINSERT INTO "users" ("name", "created_at", "updated_at") VALUES (?, ?, ?)[0m  [["name", "Georges St. Pierre"], ["created_at", "2021-07-05 17:37:31.057826"], ["updated_at", "2021-07-05 17:37:31.057826"]]
  [1m[36mUser Create (0.1ms)[0m  [1m[32mINSERT INTO "users" ("name", "created_at", "updated_at") VALUES (?, ?, ?)[0m  [["name", "Ned"], ["created_at", "2021-07-05 17:37:31.059142"], ["updated_at", "2021-07-05 17:37:31.059142"]]
  [1m[36mCourse Load (0.1ms)[0m  [1m[34mSELECT "courses".* FROM "courses"[0m
  [1m[36mCourse Create (0.2ms)[0m  [1m[32mINSERT INTO "courses" ("name", "instructor_id", "created_at", "updated_at") VALUES (?, ?, ?, ?)[0m  [["name", "Ruby 101"], ["instructor_id", 5], ["created_at", "2021-07-05 17:37:31.104771"], ["updated_at", "2021-07-05 17:37:31.104771"]]
  [1m[36mCourse Create (0.1ms)[0m  [1m[32mINSERT INTO "courses" ("name", "prereq_id", "instructor_id", "created_at", "updated_at") VALUES (?, ?, ?, ?, ?)[0m  [["name", "Ruby 102"], ["prereq_id", 1], ["instructor_id", 5], ["created_at", "2021-07-05 17:37:31.106779"], ["updated_at", "2021-07-05 17:37:31.106779"]]
  [1m[36mEnrollment Load (0.1ms)[0m  [1m[34mSELECT "enrollments".* FROM "enrollments"[0m
  [1m[36mEnrollment Create (0.1ms)[0m  [1m[32mINSERT INTO "enrollments" ("course_id", "student_id", "created_at", "updated_at") VALUES (?, ?, ?, ?)[0m  [["course_id", 1], ["student_id", 3], ["created_at", "2021-07-05 17:37:31.113352"], ["updated_at", "2021-07-05 17:37:31.113352"]]
  [1m[36mEnrollment Create (0.1ms)[0m  [1m[32mINSERT INTO "enrollments" ("course_id", "student_id", "created_at", "updated_at") VALUES (?, ?, ?, ?)[0m  [["course_id", 1], ["student_id", 4], ["created_at", "2021-07-05 17:37:31.115137"], ["updated_at", "2021-07-05 17:37:31.115137"]]
  [1m[36mEnrollment Create (0.1ms)[0m  [1m[32mINSERT INTO "enrollments" ("course_id", "student_id", "created_at", "updated_at") VALUES (?, ?, ?, ?)[0m  [["course_id", 2], ["student_id", 1], ["created_at", "2021-07-05 17:37:31.116869"], ["updated_at", "2021-07-05 17:37:31.116869"]]
  [1m[36mEnrollment Create (0.1ms)[0m  [1m[32mINSERT INTO "enrollments" ("course_id", "student_id", "created_at", "updated_at") VALUES (?, ?, ?, ?)[0m  [["course_id", 2], ["student_id", 2], ["created_at", "2021-07-05 17:37:31.118300"], ["updated_at", "2021-07-05 17:37:31.118300"]]
  [1m[36mTRANSACTION (5.4ms)[0m  [1m[36mcommit transaction[0m
  [1m[35m (0.6ms)[0m  [1m[34mSELECT sqlite_version(*)[0m
  [1m[36mEnrollment Load (0.1ms)[0m  [1m[34mSELECT "enrollments".* FROM "enrollments" ORDER BY "enrollments"."id" ASC LIMIT ?[0m  [["LIMIT", 1]]
  [1m[36mEnrollment Load (0.1ms)[0m  [1m[34mSELECT "enrollments".* FROM "enrollments" ORDER BY "enrollments"."id" ASC LIMIT ?[0m  [["LIMIT", 1]]
  [1m[36mUser Load (0.1ms)[0m  [1m[34mSELECT "users".* FROM "users" WHERE "users"."id" = ? LIMIT ?[0m  [["id", 3], ["LIMIT", 1]]
  [1m[36mEnrollment Load (0.1ms)[0m  [1m[34mSELECT "enrollments".* FROM "enrollments" ORDER BY "enrollments"."id" ASC LIMIT ?[0m  [["LIMIT", 1]]
  [1m[36mCourse Load (0.1ms)[0m  [1m[34mSELECT "courses".* FROM "courses" WHERE "courses"."id" = ? LIMIT ?[0m  [["id", 1], ["LIMIT", 1]]
  [1m[35m (0.3ms)[0m  [1m[34mSELECT sqlite_version(*)[0m
  [1m[36mUser Load (0.1ms)[0m  [1m[34mSELECT "users".* FROM "users" ORDER BY "users"."id" ASC LIMIT ?[0m  [["LIMIT", 1]]
  [1m[36mEnrollment Load (0.6ms)[0m  [1m[34mSELECT "enrollments".* FROM "enrollments" WHERE "enrollments"."user_id" = ?[0m  [["user_id", 1]]
  [1m[36mEnrollment Load (0.5ms)[0m  [1m[34mSELECT "enrollments".* FROM "enrollments" WHERE "enrollments"."user_id" = ? /* loading for inspect */ LIMIT ?[0m  [["user_id", 1], ["LIMIT", 11]]
  [1m[36mUser Load (0.1ms)[0m  [1m[34mSELECT "users".* FROM "users" ORDER BY "users"."id" ASC LIMIT ?[0m  [["LIMIT", 1]]
  [1m[36mCourse Load (0.6ms)[0m  [1m[34mSELECT "courses".* FROM "courses" INNER JOIN "enrollments" ON "courses"."id" = "enrollments"."course_id" WHERE "enrollments"."user_id" = ?[0m  [["user_id", 1]]
  [1m[36mCourse Load (0.6ms)[0m  [1m[34mSELECT "courses".* FROM "courses" INNER JOIN "enrollments" ON "courses"."id" = "enrollments"."course_id" WHERE "enrollments"."user_id" = ? /* loading for inspect */ LIMIT ?[0m  [["user_id", 1], ["LIMIT", 11]]
  [1m[35m (0.0ms)[0m  [1m[34mSELECT sqlite_version(*)[0m
  [1m[36mUser Load (0.1ms)[0m  [1m[34mSELECT "users".* FROM "users" ORDER BY "users"."id" ASC LIMIT ?[0m  [["LIMIT", 1]]
  [1m[36mEnrollment Load (0.5ms)[0m  [1m[34mSELECT "enrollments".* FROM "enrollments" WHERE "enrollments"."user_id" = ?[0m  [["user_id", 1]]
  [1m[36mEnrollment Load (0.5ms)[0m  [1m[34mSELECT "enrollments".* FROM "enrollments" WHERE "enrollments"."user_id" = ? /* loading for inspect */ LIMIT ?[0m  [["user_id", 1], ["LIMIT", 11]]
  [1m[36mUser Load (0.1ms)[0m  [1m[34mSELECT "users".* FROM "users" ORDER BY "users"."id" ASC LIMIT ?[0m  [["LIMIT", 1]]
  [1m[36mCourse Load (0.5ms)[0m  [1m[34mSELECT "courses".* FROM "courses" INNER JOIN "enrollments" ON "courses"."id" = "enrollments"."course_id" WHERE "enrollments"."user_id" = ?[0m  [["user_id", 1]]
  [1m[36mCourse Load (0.5ms)[0m  [1m[34mSELECT "courses".* FROM "courses" INNER JOIN "enrollments" ON "courses"."id" = "enrollments"."course_id" WHERE "enrollments"."user_id" = ? /* loading for inspect */ LIMIT ?[0m  [["user_id", 1], ["LIMIT", 11]]
  [1m[36mUser Load (0.1ms)[0m  [1m[34mSELECT "users".* FROM "users" ORDER BY "users"."id" ASC LIMIT ?[0m  [["LIMIT", 1]]
  [1m[36mCourse Load (0.5ms)[0m  [1m[34mSELECT "courses".* FROM "courses" INNER JOIN "enrollments" ON "courses"."id" = "enrollments"."course_id" WHERE "enrollments"."user_id" = ? ORDER BY "courses"."id" ASC LIMIT ?[0m  [["user_id", 1], ["LIMIT", 1]]
  [1m[35m (0.3ms)[0m  [1m[34mSELECT sqlite_version(*)[0m
  [1m[36mCourse Load (0.1ms)[0m  [1m[34mSELECT "courses".* FROM "courses" ORDER BY "courses"."id" ASC LIMIT ?[0m  [["LIMIT", 1]]
  [1m[36mEnrollment Load (0.1ms)[0m  [1m[34mSELECT "enrollments".* FROM "enrollments" WHERE "enrollments"."course_id" = ?[0m  [["course_id", 1]]
  [1m[36mCourse Load (0.1ms)[0m  [1m[34mSELECT "courses".* FROM "courses" ORDER BY "courses"."id" ASC LIMIT ?[0m  [["LIMIT", 1]]
  [1m[36mUser Load (0.1ms)[0m  [1m[34mSELECT "users".* FROM "users" INNER JOIN "enrollments" ON "users"."id" = "enrollments"."student_id" WHERE "enrollments"."course_id" = ?[0m  [["course_id", 1]]
  [1m[36mCourse Load (0.1ms)[0m  [1m[34mSELECT "courses".* FROM "courses" ORDER BY "courses"."id" ASC LIMIT ?[0m  [["LIMIT", 1]]
  [1m[36mCourse Load (0.2ms)[0m  [1m[34mSELECT "courses".* FROM "courses" ORDER BY "courses"."id" DESC LIMIT ?[0m  [["LIMIT", 1]]
  [1m[36mCourse Load (0.1ms)[0m  [1m[34mSELECT "courses".* FROM "courses" WHERE "courses"."id" = ? LIMIT ?[0m  [["id", 1], ["LIMIT", 1]]
  [1m[36mCourse Load (0.1ms)[0m  [1m[34mSELECT "courses".* FROM "courses" ORDER BY "courses"."id" ASC LIMIT ?[0m  [["LIMIT", 1]]
  [1m[36mCourse Load (0.1ms)[0m  [1m[34mSELECT "courses".* FROM "courses" WHERE "courses"."id" = ? LIMIT ?[0m  [["id", 5], ["LIMIT", 1]]
  [1m[36mCourse Load (0.1ms)[0m  [1m[34mSELECT "courses".* FROM "courses" ORDER BY "courses"."id" DESC LIMIT ?[0m  [["LIMIT", 1]]
  [1m[36mCourse Load (0.1ms)[0m  [1m[34mSELECT "courses".* FROM "courses" WHERE "courses"."id" = ? LIMIT ?[0m  [["id", 5], ["LIMIT", 1]]
  [1m[35m (0.1ms)[0m  [1m[34mSELECT sqlite_version(*)[0m
  [1m[36mCourse Load (0.1ms)[0m  [1m[34mSELECT "courses".* FROM "courses" ORDER BY "courses"."id" ASC LIMIT ?[0m  [["LIMIT", 1]]
  [1m[36mUser Load (0.1ms)[0m  [1m[34mSELECT "users".* FROM "users" WHERE "users"."id" = ? LIMIT ?[0m  [["id", 5], ["LIMIT", 1]]
  [1m[36mCourse Load (0.1ms)[0m  [1m[34mSELECT "courses".* FROM "courses" ORDER BY "courses"."id" DESC LIMIT ?[0m  [["LIMIT", 1]]
  [1m[36mUser Load (0.1ms)[0m  [1m[34mSELECT "users".* FROM "users" WHERE "users"."id" = ? LIMIT ?[0m  [["id", 5], ["LIMIT", 1]]
  [1m[36mUser Load (0.1ms)[0m  [1m[34mSELECT "users".* FROM "users" ORDER BY "users"."id" ASC LIMIT ?[0m  [["LIMIT", 1]]
  [1m[36mEnrollment Load (0.6ms)[0m  [1m[34mSELECT "enrollments".* FROM "enrollments" WHERE "enrollments"."user_id" = ?[0m  [["user_id", 1]]
  [1m[36mEnrollment Load (0.5ms)[0m  [1m[34mSELECT "enrollments".* FROM "enrollments" WHERE "enrollments"."user_id" = ? /* loading for inspect */ LIMIT ?[0m  [["user_id", 1], ["LIMIT", 11]]
  [1m[36mUser Load (0.1ms)[0m  [1m[34mSELECT "users".* FROM "users" ORDER BY "users"."id" ASC LIMIT ?[0m  [["LIMIT", 1]]
  [1m[36mCourse Load (0.5ms)[0m  [1m[34mSELECT "courses".* FROM "courses" INNER JOIN "enrollments" ON "courses"."id" = "enrollments"."course_id" WHERE "enrollments"."user_id" = ?[0m  [["user_id", 1]]
  [1m[36mCourse Load (0.5ms)[0m  [1m[34mSELECT "courses".* FROM "courses" INNER JOIN "enrollments" ON "courses"."id" = "enrollments"."course_id" WHERE "enrollments"."user_id" = ? /* loading for inspect */ LIMIT ?[0m  [["user_id", 1], ["LIMIT", 11]]
  [1m[35m (0.0ms)[0m  [1m[34mSELECT sqlite_version(*)[0m
  [1m[36mUser Load (0.1ms)[0m  [1m[34mSELECT "users".* FROM "users" ORDER BY "users"."id" ASC LIMIT ?[0m  [["LIMIT", 1]]
  [1m[36mCourse Load (0.1ms)[0m  [1m[34mSELECT "courses".* FROM "courses" INNER JOIN "enrollments" ON "courses"."id" = "enrollments"."course_id" WHERE "enrollments"."student_id" = ?[0m  [["student_id", 1]]
  [1m[36mUser Load (0.1ms)[0m  [1m[34mSELECT "users".* FROM "users" ORDER BY "users"."id" ASC LIMIT ?[0m  [["LIMIT", 1]]
  [1m[36mEnrollment Load (0.1ms)[0m  [1m[34mSELECT "enrollments".* FROM "enrollments" WHERE "enrollments"."student_id" = ?[0m  [["student_id", 1]]
